{
  "src\\components\\NavBeforeLogin.vue": {
    "path": "src\\components\\NavBeforeLogin.vue",
    "statementMap": {
      "0": {
        "start": {
          "line": 50,
          "column": 0
        },
        "end": {
          "line": 52,
          "column": null
        }
      },
      "1": {
        "start": {
          "line": 56,
          "column": 0
        },
        "end": {
          "line": 56,
          "column": null
        }
      },
      "2": {
        "start": {
          "line": 60,
          "column": 0
        },
        "end": {
          "line": 60,
          "column": null
        }
      },
      "3": {
        "start": {
          "line": 61,
          "column": 0
        },
        "end": {
          "line": 61,
          "column": null
        }
      },
      "4": {
        "start": {
          "line": 62,
          "column": 0
        },
        "end": {
          "line": 62,
          "column": null
        }
      }
    },
    "fnMap": {
      "0": {
        "name": "(anonymous_0)",
        "decl": {
          "start": {
            "line": 49,
            "column": 0
          },
          "end": {
            "line": 49,
            "column": null
          }
        },
        "loc": {
          "start": {
            "line": 49,
            "column": 0
          },
          "end": {
            "line": 53,
            "column": null
          }
        }
      },
      "1": {
        "name": "(anonymous_1)",
        "decl": {
          "start": {
            "line": 55,
            "column": 0
          },
          "end": {
            "line": 55,
            "column": null
          }
        },
        "loc": {
          "start": {
            "line": 55,
            "column": 0
          },
          "end": {
            "line": 57,
            "column": null
          }
        }
      },
      "2": {
        "name": "(anonymous_2)",
        "decl": {
          "start": {
            "line": 59,
            "column": 0
          },
          "end": {
            "line": 59,
            "column": null
          }
        },
        "loc": {
          "start": {
            "line": 59,
            "column": 0
          },
          "end": {
            "line": 63,
            "column": null
          }
        }
      }
    },
    "branchMap": {},
    "s": {
      "0": 6,
      "1": 0,
      "2": 6,
      "3": 6,
      "4": 6
    },
    "f": {
      "0": 6,
      "1": 0,
      "2": 6
    },
    "b": {}
  },
  "src\\components\\NavLoggedIn.vue": {
    "path": "src\\components\\NavLoggedIn.vue",
    "statementMap": {
      "0": {
        "start": {
          "line": 92,
          "column": 0
        },
        "end": {
          "line": 95,
          "column": null
        }
      },
      "1": {
        "start": {
          "line": 99,
          "column": 0
        },
        "end": {
          "line": 99,
          "column": null
        }
      },
      "2": {
        "start": {
          "line": 100,
          "column": 0
        },
        "end": {
          "line": 100,
          "column": null
        }
      },
      "3": {
        "start": {
          "line": 103,
          "column": 0
        },
        "end": {
          "line": 103,
          "column": null
        }
      },
      "4": {
        "start": {
          "line": 104,
          "column": 0
        },
        "end": {
          "line": 104,
          "column": null
        }
      },
      "5": {
        "start": {
          "line": 105,
          "column": 0
        },
        "end": {
          "line": 105,
          "column": null
        }
      },
      "6": {
        "start": {
          "line": 108,
          "column": 0
        },
        "end": {
          "line": 108,
          "column": null
        }
      },
      "7": {
        "start": {
          "line": 111,
          "column": 0
        },
        "end": {
          "line": 111,
          "column": null
        }
      },
      "8": {
        "start": {
          "line": 123,
          "column": 0
        },
        "end": {
          "line": 123,
          "column": null
        }
      },
      "9": {
        "start": {
          "line": 124,
          "column": 0
        },
        "end": {
          "line": 126,
          "column": null
        }
      },
      "10": {
        "start": {
          "line": 125,
          "column": 0
        },
        "end": {
          "line": 125,
          "column": null
        }
      },
      "11": {
        "start": {
          "line": 127,
          "column": 0
        },
        "end": {
          "line": 127,
          "column": null
        }
      },
      "12": {
        "start": {
          "line": 128,
          "column": 0
        },
        "end": {
          "line": 128,
          "column": null
        }
      },
      "13": {
        "start": {
          "line": 129,
          "column": 0
        },
        "end": {
          "line": 129,
          "column": null
        }
      }
    },
    "fnMap": {
      "0": {
        "name": "(anonymous_0)",
        "decl": {
          "start": {
            "line": 91,
            "column": 0
          },
          "end": {
            "line": 91,
            "column": null
          }
        },
        "loc": {
          "start": {
            "line": 91,
            "column": 0
          },
          "end": {
            "line": 96,
            "column": null
          }
        }
      },
      "1": {
        "name": "(anonymous_1)",
        "decl": {
          "start": {
            "line": 98,
            "column": 0
          },
          "end": {
            "line": 98,
            "column": null
          }
        },
        "loc": {
          "start": {
            "line": 98,
            "column": 0
          },
          "end": {
            "line": 101,
            "column": null
          }
        }
      },
      "2": {
        "name": "(anonymous_2)",
        "decl": {
          "start": {
            "line": 102,
            "column": 0
          },
          "end": {
            "line": 102,
            "column": null
          }
        },
        "loc": {
          "start": {
            "line": 102,
            "column": 0
          },
          "end": {
            "line": 106,
            "column": null
          }
        }
      },
      "3": {
        "name": "(anonymous_3)",
        "decl": {
          "start": {
            "line": 107,
            "column": 0
          },
          "end": {
            "line": 107,
            "column": null
          }
        },
        "loc": {
          "start": {
            "line": 107,
            "column": 0
          },
          "end": {
            "line": 109,
            "column": null
          }
        }
      },
      "4": {
        "name": "(anonymous_4)",
        "decl": {
          "start": {
            "line": 110,
            "column": 0
          },
          "end": {
            "line": 110,
            "column": null
          }
        },
        "loc": {
          "start": {
            "line": 110,
            "column": 0
          },
          "end": {
            "line": 112,
            "column": null
          }
        }
      },
      "5": {
        "name": "(anonymous_5)",
        "decl": {
          "start": {
            "line": 122,
            "column": 0
          },
          "end": {
            "line": 122,
            "column": null
          }
        },
        "loc": {
          "start": {
            "line": 122,
            "column": 0
          },
          "end": {
            "line": 130,
            "column": null
          }
        }
      }
    },
    "branchMap": {
      "0": {
        "loc": {
          "start": {
            "line": 124,
            "column": 0
          },
          "end": {
            "line": 126,
            "column": null
          }
        },
        "type": "if",
        "locations": [
          {
            "start": {
              "line": 124,
              "column": 0
            },
            "end": {
              "line": 126,
              "column": null
            }
          },
          {
            "start": {
              "line": 124,
              "column": 0
            },
            "end": {
              "line": 126,
              "column": null
            }
          }
        ]
      }
    },
    "s": {
      "0": 2,
      "1": 0,
      "2": 0,
      "3": 0,
      "4": 0,
      "5": 0,
      "6": 2,
      "7": 0,
      "8": 2,
      "9": 2,
      "10": 0,
      "11": 2,
      "12": 2,
      "13": 2
    },
    "f": {
      "0": 2,
      "1": 0,
      "2": 0,
      "3": 2,
      "4": 0,
      "5": 2
    },
    "b": {
      "0": [
        0,
        2
      ]
    }
  },
  "src\\components\\SignInForm.vue": {
    "path": "src\\components\\SignInForm.vue",
    "statementMap": {
      "0": {
        "start": {
          "line": 69,
          "column": 0
        },
        "end": {
          "line": 82,
          "column": null
        }
      },
      "1": {
        "start": {
          "line": 96,
          "column": 0
        },
        "end": {
          "line": 96,
          "column": null
        }
      },
      "2": {
        "start": {
          "line": 97,
          "column": 0
        },
        "end": {
          "line": 97,
          "column": null
        }
      },
      "3": {
        "start": {
          "line": 100,
          "column": 0
        },
        "end": {
          "line": 109,
          "column": null
        }
      },
      "4": {
        "start": {
          "line": 102,
          "column": 0
        },
        "end": {
          "line": 102,
          "column": null
        }
      },
      "5": {
        "start": {
          "line": 105,
          "column": 0
        },
        "end": {
          "line": 105,
          "column": null
        }
      },
      "6": {
        "start": {
          "line": 108,
          "column": 0
        },
        "end": {
          "line": 108,
          "column": null
        }
      },
      "7": {
        "start": {
          "line": 112,
          "column": 0
        },
        "end": {
          "line": 112,
          "column": null
        }
      },
      "8": {
        "start": {
          "line": 113,
          "column": 0
        },
        "end": {
          "line": 118,
          "column": null
        }
      },
      "9": {
        "start": {
          "line": 114,
          "column": 0
        },
        "end": {
          "line": 114,
          "column": null
        }
      },
      "10": {
        "start": {
          "line": 116,
          "column": 0
        },
        "end": {
          "line": 116,
          "column": null
        }
      },
      "11": {
        "start": {
          "line": 117,
          "column": 0
        },
        "end": {
          "line": 117,
          "column": null
        }
      }
    },
    "fnMap": {
      "0": {
        "name": "(anonymous_0)",
        "decl": {
          "start": {
            "line": 68,
            "column": 0
          },
          "end": {
            "line": 68,
            "column": null
          }
        },
        "loc": {
          "start": {
            "line": 68,
            "column": 0
          },
          "end": {
            "line": 83,
            "column": null
          }
        }
      },
      "1": {
        "name": "(anonymous_1)",
        "decl": {
          "start": {
            "line": 95,
            "column": 0
          },
          "end": {
            "line": 95,
            "column": null
          }
        },
        "loc": {
          "start": {
            "line": 95,
            "column": 0
          },
          "end": {
            "line": 98,
            "column": null
          }
        }
      },
      "2": {
        "name": "(anonymous_2)",
        "decl": {
          "start": {
            "line": 99,
            "column": 0
          },
          "end": {
            "line": 99,
            "column": null
          }
        },
        "loc": {
          "start": {
            "line": 99,
            "column": 0
          },
          "end": {
            "line": 110,
            "column": null
          }
        }
      },
      "3": {
        "name": "(anonymous_3)",
        "decl": {
          "start": {
            "line": 101,
            "column": 0
          },
          "end": {
            "line": 101,
            "column": null
          }
        },
        "loc": {
          "start": {
            "line": 101,
            "column": 0
          },
          "end": {
            "line": 103,
            "column": null
          }
        }
      },
      "4": {
        "name": "(anonymous_4)",
        "decl": {
          "start": {
            "line": 104,
            "column": 0
          },
          "end": {
            "line": 104,
            "column": null
          }
        },
        "loc": {
          "start": {
            "line": 104,
            "column": 0
          },
          "end": {
            "line": 106,
            "column": null
          }
        }
      },
      "5": {
        "name": "(anonymous_5)",
        "decl": {
          "start": {
            "line": 107,
            "column": 0
          },
          "end": {
            "line": 107,
            "column": null
          }
        },
        "loc": {
          "start": {
            "line": 107,
            "column": 0
          },
          "end": {
            "line": 109,
            "column": null
          }
        }
      },
      "6": {
        "name": "(anonymous_6)",
        "decl": {
          "start": {
            "line": 111,
            "column": 0
          },
          "end": {
            "line": 111,
            "column": null
          }
        },
        "loc": {
          "start": {
            "line": 111,
            "column": 0
          },
          "end": {
            "line": 119,
            "column": null
          }
        }
      }
    },
    "branchMap": {
      "0": {
        "loc": {
          "start": {
            "line": 97,
            "column": 0
          },
          "end": {
            "line": 97,
            "column": null
          }
        },
        "type": "cond-expr",
        "locations": [
          {
            "start": {
              "line": 97,
              "column": 0
            },
            "end": {
              "line": 97,
              "column": null
            }
          },
          {
            "start": {
              "line": 97,
              "column": 0
            },
            "end": {
              "line": 97,
              "column": null
            }
          }
        ]
      },
      "1": {
        "loc": {
          "start": {
            "line": 113,
            "column": 0
          },
          "end": {
            "line": 118,
            "column": null
          }
        },
        "type": "if",
        "locations": [
          {
            "start": {
              "line": 113,
              "column": 0
            },
            "end": {
              "line": 118,
              "column": null
            }
          },
          {
            "start": {
              "line": 113,
              "column": 0
            },
            "end": {
              "line": 118,
              "column": null
            }
          }
        ]
      }
    },
    "s": {
      "0": 4,
      "1": 158,
      "2": 158,
      "3": 3,
      "4": 1,
      "5": 2,
      "6": 3,
      "7": 4,
      "8": 4,
      "9": 1,
      "10": 3,
      "11": 3
    },
    "f": {
      "0": 4,
      "1": 158,
      "2": 3,
      "3": 1,
      "4": 2,
      "5": 3,
      "6": 4
    },
    "b": {
      "0": [
        14,
        144
      ],
      "1": [
        1,
        3
      ]
    }
  },
  "src\\components\\SignUpForm.vue": {
    "path": "src\\components\\SignUpForm.vue",
    "statementMap": {
      "0": {
        "start": {
          "line": 165,
          "column": 0
        },
        "end": {
          "line": 185,
          "column": null
        }
      },
      "1": {
        "start": {
          "line": 223,
          "column": 0
        },
        "end": {
          "line": 223,
          "column": null
        }
      },
      "2": {
        "start": {
          "line": 224,
          "column": 0
        },
        "end": {
          "line": 224,
          "column": null
        }
      },
      "3": {
        "start": {
          "line": 225,
          "column": 0
        },
        "end": {
          "line": 225,
          "column": null
        }
      },
      "4": {
        "start": {
          "line": 226,
          "column": 0
        },
        "end": {
          "line": 226,
          "column": null
        }
      },
      "5": {
        "start": {
          "line": 227,
          "column": 0
        },
        "end": {
          "line": 227,
          "column": null
        }
      },
      "6": {
        "start": {
          "line": 228,
          "column": 0
        },
        "end": {
          "line": 228,
          "column": null
        }
      },
      "7": {
        "start": {
          "line": 229,
          "column": 0
        },
        "end": {
          "line": 229,
          "column": null
        }
      },
      "8": {
        "start": {
          "line": 232,
          "column": 0
        },
        "end": {
          "line": 232,
          "column": null
        }
      },
      "9": {
        "start": {
          "line": 233,
          "column": 0
        },
        "end": {
          "line": 233,
          "column": null
        }
      },
      "10": {
        "start": {
          "line": 234,
          "column": 0
        },
        "end": {
          "line": 234,
          "column": null
        }
      },
      "11": {
        "start": {
          "line": 235,
          "column": 0
        },
        "end": {
          "line": 235,
          "column": null
        }
      },
      "12": {
        "start": {
          "line": 236,
          "column": 0
        },
        "end": {
          "line": 236,
          "column": null
        }
      },
      "13": {
        "start": {
          "line": 237,
          "column": 0
        },
        "end": {
          "line": 237,
          "column": null
        }
      },
      "14": {
        "start": {
          "line": 238,
          "column": 0
        },
        "end": {
          "line": 238,
          "column": null
        }
      },
      "15": {
        "start": {
          "line": 241,
          "column": 0
        },
        "end": {
          "line": 241,
          "column": null
        }
      },
      "16": {
        "start": {
          "line": 244,
          "column": 0
        },
        "end": {
          "line": 244,
          "column": null
        }
      },
      "17": {
        "start": {
          "line": 245,
          "column": 0
        },
        "end": {
          "line": 245,
          "column": null
        }
      },
      "18": {
        "start": {
          "line": 248,
          "column": 0
        },
        "end": {
          "line": 248,
          "column": null
        }
      },
      "19": {
        "start": {
          "line": 249,
          "column": 0
        },
        "end": {
          "line": 254,
          "column": null
        }
      },
      "20": {
        "start": {
          "line": 250,
          "column": 0
        },
        "end": {
          "line": 250,
          "column": null
        }
      },
      "21": {
        "start": {
          "line": 252,
          "column": 0
        },
        "end": {
          "line": 252,
          "column": null
        }
      },
      "22": {
        "start": {
          "line": 253,
          "column": 0
        },
        "end": {
          "line": 253,
          "column": null
        }
      },
      "23": {
        "start": {
          "line": 257,
          "column": 0
        },
        "end": {
          "line": 277,
          "column": null
        }
      },
      "24": {
        "start": {
          "line": 259,
          "column": 0
        },
        "end": {
          "line": 259,
          "column": null
        }
      },
      "25": {
        "start": {
          "line": 260,
          "column": 0
        },
        "end": {
          "line": 260,
          "column": null
        }
      },
      "26": {
        "start": {
          "line": 263,
          "column": 0
        },
        "end": {
          "line": 273,
          "column": null
        }
      },
      "27": {
        "start": {
          "line": 264,
          "column": 0
        },
        "end": {
          "line": 267,
          "column": null
        }
      },
      "28": {
        "start": {
          "line": 269,
          "column": 0
        },
        "end": {
          "line": 272,
          "column": null
        }
      },
      "29": {
        "start": {
          "line": 276,
          "column": 0
        },
        "end": {
          "line": 276,
          "column": null
        }
      },
      "30": {
        "start": {
          "line": 280,
          "column": 0
        },
        "end": {
          "line": 280,
          "column": null
        }
      }
    },
    "fnMap": {
      "0": {
        "name": "(anonymous_0)",
        "decl": {
          "start": {
            "line": 164,
            "column": 0
          },
          "end": {
            "line": 164,
            "column": null
          }
        },
        "loc": {
          "start": {
            "line": 164,
            "column": 0
          },
          "end": {
            "line": 186,
            "column": null
          }
        }
      },
      "1": {
        "name": "(anonymous_1)",
        "decl": {
          "start": {
            "line": 222,
            "column": 0
          },
          "end": {
            "line": 222,
            "column": null
          }
        },
        "loc": {
          "start": {
            "line": 222,
            "column": 0
          },
          "end": {
            "line": 230,
            "column": null
          }
        }
      },
      "2": {
        "name": "(anonymous_2)",
        "decl": {
          "start": {
            "line": 231,
            "column": 0
          },
          "end": {
            "line": 231,
            "column": null
          }
        },
        "loc": {
          "start": {
            "line": 231,
            "column": 0
          },
          "end": {
            "line": 239,
            "column": null
          }
        }
      },
      "3": {
        "name": "(anonymous_3)",
        "decl": {
          "start": {
            "line": 240,
            "column": 0
          },
          "end": {
            "line": 240,
            "column": null
          }
        },
        "loc": {
          "start": {
            "line": 240,
            "column": 0
          },
          "end": {
            "line": 242,
            "column": null
          }
        }
      },
      "4": {
        "name": "(anonymous_4)",
        "decl": {
          "start": {
            "line": 243,
            "column": 0
          },
          "end": {
            "line": 243,
            "column": null
          }
        },
        "loc": {
          "start": {
            "line": 243,
            "column": 0
          },
          "end": {
            "line": 246,
            "column": null
          }
        }
      },
      "5": {
        "name": "(anonymous_5)",
        "decl": {
          "start": {
            "line": 247,
            "column": 0
          },
          "end": {
            "line": 247,
            "column": null
          }
        },
        "loc": {
          "start": {
            "line": 247,
            "column": 0
          },
          "end": {
            "line": 255,
            "column": null
          }
        }
      },
      "6": {
        "name": "(anonymous_6)",
        "decl": {
          "start": {
            "line": 256,
            "column": 0
          },
          "end": {
            "line": 256,
            "column": null
          }
        },
        "loc": {
          "start": {
            "line": 256,
            "column": 0
          },
          "end": {
            "line": 278,
            "column": null
          }
        }
      },
      "7": {
        "name": "(anonymous_7)",
        "decl": {
          "start": {
            "line": 258,
            "column": 0
          },
          "end": {
            "line": 258,
            "column": null
          }
        },
        "loc": {
          "start": {
            "line": 258,
            "column": 0
          },
          "end": {
            "line": 261,
            "column": null
          }
        }
      },
      "8": {
        "name": "(anonymous_8)",
        "decl": {
          "start": {
            "line": 262,
            "column": 0
          },
          "end": {
            "line": 262,
            "column": null
          }
        },
        "loc": {
          "start": {
            "line": 262,
            "column": 0
          },
          "end": {
            "line": 274,
            "column": null
          }
        }
      },
      "9": {
        "name": "(anonymous_9)",
        "decl": {
          "start": {
            "line": 275,
            "column": 0
          },
          "end": {
            "line": 275,
            "column": null
          }
        },
        "loc": {
          "start": {
            "line": 275,
            "column": 0
          },
          "end": {
            "line": 277,
            "column": null
          }
        }
      },
      "10": {
        "name": "(anonymous_10)",
        "decl": {
          "start": {
            "line": 279,
            "column": 0
          },
          "end": {
            "line": 279,
            "column": null
          }
        },
        "loc": {
          "start": {
            "line": 279,
            "column": 0
          },
          "end": {
            "line": 281,
            "column": null
          }
        }
      }
    },
    "branchMap": {
      "0": {
        "loc": {
          "start": {
            "line": 245,
            "column": 0
          },
          "end": {
            "line": 245,
            "column": null
          }
        },
        "type": "cond-expr",
        "locations": [
          {
            "start": {
              "line": 245,
              "column": 0
            },
            "end": {
              "line": 245,
              "column": null
            }
          },
          {
            "start": {
              "line": 245,
              "column": 0
            },
            "end": {
              "line": 245,
              "column": null
            }
          }
        ]
      },
      "1": {
        "loc": {
          "start": {
            "line": 249,
            "column": 0
          },
          "end": {
            "line": 254,
            "column": null
          }
        },
        "type": "if",
        "locations": [
          {
            "start": {
              "line": 249,
              "column": 0
            },
            "end": {
              "line": 254,
              "column": null
            }
          },
          {
            "start": {
              "line": 249,
              "column": 0
            },
            "end": {
              "line": 254,
              "column": null
            }
          }
        ]
      },
      "2": {
        "loc": {
          "start": {
            "line": 263,
            "column": 0
          },
          "end": {
            "line": 273,
            "column": null
          }
        },
        "type": "if",
        "locations": [
          {
            "start": {
              "line": 263,
              "column": 0
            },
            "end": {
              "line": 273,
              "column": null
            }
          },
          {
            "start": {
              "line": 263,
              "column": 0
            },
            "end": {
              "line": 273,
              "column": null
            }
          }
        ]
      }
    },
    "s": {
      "0": 0,
      "1": 0,
      "2": 0,
      "3": 0,
      "4": 0,
      "5": 0,
      "6": 0,
      "7": 0,
      "8": 0,
      "9": 0,
      "10": 0,
      "11": 0,
      "12": 0,
      "13": 0,
      "14": 0,
      "15": 0,
      "16": 0,
      "17": 0,
      "18": 0,
      "19": 0,
      "20": 0,
      "21": 0,
      "22": 0,
      "23": 0,
      "24": 0,
      "25": 0,
      "26": 0,
      "27": 0,
      "28": 0,
      "29": 0,
      "30": 0
    },
    "f": {
      "0": 0,
      "1": 0,
      "2": 0,
      "3": 0,
      "4": 0,
      "5": 0,
      "6": 0,
      "7": 0,
      "8": 0,
      "9": 0,
      "10": 0
    },
    "b": {
      "0": [
        0,
        0
      ],
      "1": [
        0,
        0
      ],
      "2": [
        0,
        0
      ]
    }
  },
  "src\\router\\index.ts": {
    "path": "src\\router\\index.ts",
    "statementMap": {
      "0": {
        "start": {
          "line": 20,
          "column": 0
        },
        "end": {
          "line": 20,
          "column": 19
        }
      },
      "1": {
        "start": {
          "line": 22,
          "column": 15
        },
        "end": {
          "line": 102,
          "column": 2
        }
      },
      "2": {
        "start": {
          "line": 104,
          "column": 15
        },
        "end": {
          "line": 108,
          "column": 2
        }
      }
    },
    "fnMap": {},
    "branchMap": {},
    "s": {
      "0": 16,
      "1": 16,
      "2": 16
    },
    "f": {},
    "b": {}
  },
  "src\\store\\index.ts": {
    "path": "src\\store\\index.ts",
    "statementMap": {
      "0": {
        "start": {
          "line": 12,
          "column": 0
        },
        "end": {
          "line": 12,
          "column": 14
        }
      },
      "1": {
        "start": {
          "line": 14,
          "column": 13
        },
        "end": {
          "line": 27,
          "column": null
        }
      },
      "2": {
        "start": {
          "line": 43,
          "column": 6
        },
        "end": {
          "line": 43,
          "column": 39
        }
      },
      "3": {
        "start": {
          "line": 46,
          "column": 6
        },
        "end": {
          "line": 46,
          "column": 39
        }
      },
      "4": {
        "start": {
          "line": 49,
          "column": 6
        },
        "end": {
          "line": 51,
          "column": null
        }
      },
      "5": {
        "start": {
          "line": 50,
          "column": 8
        },
        "end": {
          "line": 50,
          "column": null
        }
      },
      "6": {
        "start": {
          "line": 52,
          "column": 6
        },
        "end": {
          "line": 52,
          "column": null
        }
      },
      "7": {
        "start": {
          "line": 55,
          "column": 6
        },
        "end": {
          "line": 55,
          "column": null
        }
      },
      "8": {
        "start": {
          "line": 58,
          "column": 6
        },
        "end": {
          "line": 58,
          "column": null
        }
      },
      "9": {
        "start": {
          "line": 61,
          "column": 6
        },
        "end": {
          "line": 61,
          "column": null
        }
      },
      "10": {
        "start": {
          "line": 64,
          "column": 6
        },
        "end": {
          "line": 64,
          "column": null
        }
      },
      "11": {
        "start": {
          "line": 67,
          "column": 6
        },
        "end": {
          "line": 67,
          "column": null
        }
      },
      "12": {
        "start": {
          "line": 70,
          "column": 6
        },
        "end": {
          "line": 70,
          "column": null
        }
      },
      "13": {
        "start": {
          "line": 73,
          "column": 6
        },
        "end": {
          "line": 73,
          "column": null
        }
      },
      "14": {
        "start": {
          "line": 76,
          "column": 6
        },
        "end": {
          "line": 76,
          "column": null
        }
      },
      "15": {
        "start": {
          "line": 79,
          "column": 6
        },
        "end": {
          "line": 79,
          "column": null
        }
      },
      "16": {
        "start": {
          "line": 82,
          "column": 6
        },
        "end": {
          "line": 82,
          "column": null
        }
      },
      "17": {
        "start": {
          "line": 85,
          "column": 6
        },
        "end": {
          "line": 87,
          "column": null
        }
      },
      "18": {
        "start": {
          "line": 86,
          "column": 8
        },
        "end": {
          "line": 86,
          "column": null
        }
      },
      "19": {
        "start": {
          "line": 88,
          "column": 6
        },
        "end": {
          "line": 88,
          "column": 19
        }
      },
      "20": {
        "start": {
          "line": 91,
          "column": 6
        },
        "end": {
          "line": 93,
          "column": null
        }
      },
      "21": {
        "start": {
          "line": 92,
          "column": 8
        },
        "end": {
          "line": 92,
          "column": null
        }
      },
      "22": {
        "start": {
          "line": 94,
          "column": 6
        },
        "end": {
          "line": 94,
          "column": 19
        }
      },
      "23": {
        "start": {
          "line": 97,
          "column": 6
        },
        "end": {
          "line": 99,
          "column": null
        }
      },
      "24": {
        "start": {
          "line": 98,
          "column": 8
        },
        "end": {
          "line": 98,
          "column": null
        }
      },
      "25": {
        "start": {
          "line": 100,
          "column": 6
        },
        "end": {
          "line": 100,
          "column": 19
        }
      },
      "26": {
        "start": {
          "line": 103,
          "column": 6
        },
        "end": {
          "line": 105,
          "column": null
        }
      },
      "27": {
        "start": {
          "line": 104,
          "column": 8
        },
        "end": {
          "line": 104,
          "column": null
        }
      },
      "28": {
        "start": {
          "line": 106,
          "column": 6
        },
        "end": {
          "line": 106,
          "column": 19
        }
      },
      "29": {
        "start": {
          "line": 109,
          "column": 6
        },
        "end": {
          "line": 111,
          "column": null
        }
      },
      "30": {
        "start": {
          "line": 110,
          "column": 8
        },
        "end": {
          "line": 110,
          "column": null
        }
      },
      "31": {
        "start": {
          "line": 112,
          "column": 6
        },
        "end": {
          "line": 112,
          "column": 19
        }
      },
      "32": {
        "start": {
          "line": 117,
          "column": 6
        },
        "end": {
          "line": 117,
          "column": null
        }
      },
      "33": {
        "start": {
          "line": 120,
          "column": 6
        },
        "end": {
          "line": 120,
          "column": null
        }
      },
      "34": {
        "start": {
          "line": 123,
          "column": 6
        },
        "end": {
          "line": 123,
          "column": null
        }
      },
      "35": {
        "start": {
          "line": 124,
          "column": 6
        },
        "end": {
          "line": 124,
          "column": null
        }
      },
      "36": {
        "start": {
          "line": 127,
          "column": 6
        },
        "end": {
          "line": 127,
          "column": null
        }
      },
      "37": {
        "start": {
          "line": 130,
          "column": 6
        },
        "end": {
          "line": 130,
          "column": null
        }
      },
      "38": {
        "start": {
          "line": 131,
          "column": 6
        },
        "end": {
          "line": 131,
          "column": null
        }
      },
      "39": {
        "start": {
          "line": 132,
          "column": 6
        },
        "end": {
          "line": 132,
          "column": null
        }
      },
      "40": {
        "start": {
          "line": 133,
          "column": 6
        },
        "end": {
          "line": 134,
          "column": null
        }
      },
      "41": {
        "start": {
          "line": 135,
          "column": 6
        },
        "end": {
          "line": 135,
          "column": null
        }
      },
      "42": {
        "start": {
          "line": 138,
          "column": 6
        },
        "end": {
          "line": 138,
          "column": null
        }
      },
      "43": {
        "start": {
          "line": 141,
          "column": 6
        },
        "end": {
          "line": 141,
          "column": null
        }
      },
      "44": {
        "start": {
          "line": 144,
          "column": 6
        },
        "end": {
          "line": 144,
          "column": null
        }
      },
      "45": {
        "start": {
          "line": 147,
          "column": 6
        },
        "end": {
          "line": 147,
          "column": null
        }
      },
      "46": {
        "start": {
          "line": 152,
          "column": 6
        },
        "end": {
          "line": 152,
          "column": null
        }
      },
      "47": {
        "start": {
          "line": 153,
          "column": 6
        },
        "end": {
          "line": 153,
          "column": null
        }
      },
      "48": {
        "start": {
          "line": 153,
          "column": 23
        },
        "end": {
          "line": 153,
          "column": 51
        }
      },
      "49": {
        "start": {
          "line": 156,
          "column": 6
        },
        "end": {
          "line": 156,
          "column": null
        }
      }
    },
    "fnMap": {
      "0": {
        "name": "(anonymous_0)",
        "decl": {
          "start": {
            "line": 42,
            "column": 21
          },
          "end": {
            "line": 42,
            "column": 22
          }
        },
        "loc": {
          "start": {
            "line": 42,
            "column": 36
          },
          "end": {
            "line": 44,
            "column": 5
          }
        }
      },
      "1": {
        "name": "(anonymous_1)",
        "decl": {
          "start": {
            "line": 45,
            "column": 20
          },
          "end": {
            "line": 45,
            "column": 21
          }
        },
        "loc": {
          "start": {
            "line": 45,
            "column": 35
          },
          "end": {
            "line": 47,
            "column": 5
          }
        }
      },
      "2": {
        "name": "(anonymous_2)",
        "decl": {
          "start": {
            "line": 48,
            "column": 20
          },
          "end": {
            "line": 48,
            "column": 21
          }
        },
        "loc": {
          "start": {
            "line": 48,
            "column": 35
          },
          "end": {
            "line": 53,
            "column": 5
          }
        }
      },
      "3": {
        "name": "(anonymous_3)",
        "decl": {
          "start": {
            "line": 54,
            "column": 17
          },
          "end": {
            "line": 54,
            "column": 18
          }
        },
        "loc": {
          "start": {
            "line": 54,
            "column": 32
          },
          "end": {
            "line": 56,
            "column": 5
          }
        }
      },
      "4": {
        "name": "(anonymous_4)",
        "decl": {
          "start": {
            "line": 57,
            "column": 17
          },
          "end": {
            "line": 57,
            "column": 18
          }
        },
        "loc": {
          "start": {
            "line": 57,
            "column": 32
          },
          "end": {
            "line": 59,
            "column": 5
          }
        }
      },
      "5": {
        "name": "(anonymous_5)",
        "decl": {
          "start": {
            "line": 60,
            "column": 15
          },
          "end": {
            "line": 60,
            "column": 16
          }
        },
        "loc": {
          "start": {
            "line": 60,
            "column": 30
          },
          "end": {
            "line": 62,
            "column": 5
          }
        }
      },
      "6": {
        "name": "(anonymous_6)",
        "decl": {
          "start": {
            "line": 63,
            "column": 17
          },
          "end": {
            "line": 63,
            "column": 18
          }
        },
        "loc": {
          "start": {
            "line": 63,
            "column": 32
          },
          "end": {
            "line": 65,
            "column": 5
          }
        }
      },
      "7": {
        "name": "(anonymous_7)",
        "decl": {
          "start": {
            "line": 66,
            "column": 25
          },
          "end": {
            "line": 66,
            "column": 26
          }
        },
        "loc": {
          "start": {
            "line": 66,
            "column": 40
          },
          "end": {
            "line": 68,
            "column": 5
          }
        }
      },
      "8": {
        "name": "(anonymous_8)",
        "decl": {
          "start": {
            "line": 69,
            "column": 17
          },
          "end": {
            "line": 69,
            "column": 18
          }
        },
        "loc": {
          "start": {
            "line": 69,
            "column": 32
          },
          "end": {
            "line": 71,
            "column": 5
          }
        }
      },
      "9": {
        "name": "(anonymous_9)",
        "decl": {
          "start": {
            "line": 72,
            "column": 17
          },
          "end": {
            "line": 72,
            "column": 18
          }
        },
        "loc": {
          "start": {
            "line": 72,
            "column": 32
          },
          "end": {
            "line": 74,
            "column": 5
          }
        }
      },
      "10": {
        "name": "(anonymous_10)",
        "decl": {
          "start": {
            "line": 75,
            "column": 20
          },
          "end": {
            "line": 75,
            "column": 21
          }
        },
        "loc": {
          "start": {
            "line": 75,
            "column": 35
          },
          "end": {
            "line": 77,
            "column": 5
          }
        }
      },
      "11": {
        "name": "(anonymous_11)",
        "decl": {
          "start": {
            "line": 78,
            "column": 18
          },
          "end": {
            "line": 78,
            "column": 19
          }
        },
        "loc": {
          "start": {
            "line": 78,
            "column": 33
          },
          "end": {
            "line": 80,
            "column": 5
          }
        }
      },
      "12": {
        "name": "(anonymous_12)",
        "decl": {
          "start": {
            "line": 81,
            "column": 23
          },
          "end": {
            "line": 81,
            "column": 24
          }
        },
        "loc": {
          "start": {
            "line": 81,
            "column": 38
          },
          "end": {
            "line": 83,
            "column": 5
          }
        }
      },
      "13": {
        "name": "(anonymous_13)",
        "decl": {
          "start": {
            "line": 84,
            "column": 33
          },
          "end": {
            "line": 84,
            "column": 34
          }
        },
        "loc": {
          "start": {
            "line": 84,
            "column": 48
          },
          "end": {
            "line": 89,
            "column": 5
          }
        }
      },
      "14": {
        "name": "(anonymous_14)",
        "decl": {
          "start": {
            "line": 90,
            "column": 41
          },
          "end": {
            "line": 90,
            "column": 42
          }
        },
        "loc": {
          "start": {
            "line": 90,
            "column": 56
          },
          "end": {
            "line": 95,
            "column": 5
          }
        }
      },
      "15": {
        "name": "(anonymous_15)",
        "decl": {
          "start": {
            "line": 96,
            "column": 29
          },
          "end": {
            "line": 96,
            "column": 30
          }
        },
        "loc": {
          "start": {
            "line": 96,
            "column": 44
          },
          "end": {
            "line": 101,
            "column": 5
          }
        }
      },
      "16": {
        "name": "(anonymous_16)",
        "decl": {
          "start": {
            "line": 102,
            "column": 28
          },
          "end": {
            "line": 102,
            "column": 29
          }
        },
        "loc": {
          "start": {
            "line": 102,
            "column": 43
          },
          "end": {
            "line": 107,
            "column": 5
          }
        }
      },
      "17": {
        "name": "(anonymous_17)",
        "decl": {
          "start": {
            "line": 108,
            "column": 26
          },
          "end": {
            "line": 108,
            "column": 27
          }
        },
        "loc": {
          "start": {
            "line": 108,
            "column": 41
          },
          "end": {
            "line": 113,
            "column": 5
          }
        }
      },
      "18": {
        "name": "(anonymous_18)",
        "decl": {
          "start": {
            "line": 116,
            "column": 21
          },
          "end": {
            "line": 116,
            "column": 22
          }
        },
        "loc": {
          "start": {
            "line": 116,
            "column": 50
          },
          "end": {
            "line": 118,
            "column": 5
          }
        }
      },
      "19": {
        "name": "(anonymous_19)",
        "decl": {
          "start": {
            "line": 119,
            "column": 20
          },
          "end": {
            "line": 119,
            "column": 21
          }
        },
        "loc": {
          "start": {
            "line": 119,
            "column": 49
          },
          "end": {
            "line": 121,
            "column": 5
          }
        }
      },
      "20": {
        "name": "(anonymous_20)",
        "decl": {
          "start": {
            "line": 122,
            "column": 17
          },
          "end": {
            "line": 122,
            "column": 18
          }
        },
        "loc": {
          "start": {
            "line": 122,
            "column": 32
          },
          "end": {
            "line": 125,
            "column": 5
          }
        }
      },
      "21": {
        "name": "(anonymous_21)",
        "decl": {
          "start": {
            "line": 126,
            "column": 23
          },
          "end": {
            "line": 126,
            "column": 24
          }
        },
        "loc": {
          "start": {
            "line": 126,
            "column": 38
          },
          "end": {
            "line": 128,
            "column": 5
          }
        }
      },
      "22": {
        "name": "(anonymous_22)",
        "decl": {
          "start": {
            "line": 129,
            "column": 17
          },
          "end": {
            "line": 129,
            "column": 18
          }
        },
        "loc": {
          "start": {
            "line": 129,
            "column": 46
          },
          "end": {
            "line": 136,
            "column": 5
          }
        }
      },
      "23": {
        "name": "(anonymous_23)",
        "decl": {
          "start": {
            "line": 137,
            "column": 13
          },
          "end": {
            "line": 137,
            "column": 14
          }
        },
        "loc": {
          "start": {
            "line": 137,
            "column": 42
          },
          "end": {
            "line": 139,
            "column": 5
          }
        }
      },
      "24": {
        "name": "(anonymous_24)",
        "decl": {
          "start": {
            "line": 140,
            "column": 17
          },
          "end": {
            "line": 140,
            "column": 18
          }
        },
        "loc": {
          "start": {
            "line": 140,
            "column": 46
          },
          "end": {
            "line": 142,
            "column": 5
          }
        }
      },
      "25": {
        "name": "(anonymous_25)",
        "decl": {
          "start": {
            "line": 143,
            "column": 15
          },
          "end": {
            "line": 143,
            "column": 16
          }
        },
        "loc": {
          "start": {
            "line": 143,
            "column": 44
          },
          "end": {
            "line": 145,
            "column": 5
          }
        }
      },
      "26": {
        "name": "(anonymous_26)",
        "decl": {
          "start": {
            "line": 146,
            "column": 23
          },
          "end": {
            "line": 146,
            "column": 24
          }
        },
        "loc": {
          "start": {
            "line": 146,
            "column": 52
          },
          "end": {
            "line": 148,
            "column": 5
          }
        }
      },
      "27": {
        "name": "(anonymous_27)",
        "decl": {
          "start": {
            "line": 151,
            "column": 22
          },
          "end": {
            "line": 151,
            "column": 27
          }
        },
        "loc": {
          "start": {
            "line": 151,
            "column": 54
          },
          "end": {
            "line": 154,
            "column": 5
          }
        }
      },
      "28": {
        "name": "(anonymous_28)",
        "decl": {
          "start": {
            "line": 153,
            "column": 17
          },
          "end": {
            "line": 153,
            "column": 20
          }
        },
        "loc": {
          "start": {
            "line": 153,
            "column": 23
          },
          "end": {
            "line": 153,
            "column": 51
          }
        }
      },
      "29": {
        "name": "(anonymous_29)",
        "decl": {
          "start": {
            "line": 155,
            "column": 19
          },
          "end": {
            "line": 155,
            "column": 20
          }
        },
        "loc": {
          "start": {
            "line": 155,
            "column": 34
          },
          "end": {
            "line": 157,
            "column": 5
          }
        }
      }
    },
    "branchMap": {
      "0": {
        "loc": {
          "start": {
            "line": 49,
            "column": 6
          },
          "end": {
            "line": 51,
            "column": null
          }
        },
        "type": "if",
        "locations": [
          {
            "start": {
              "line": 49,
              "column": 6
            },
            "end": {
              "line": 51,
              "column": null
            }
          },
          {
            "start": {
              "line": 49,
              "column": 6
            },
            "end": {
              "line": 51,
              "column": null
            }
          }
        ]
      },
      "1": {
        "loc": {
          "start": {
            "line": 49,
            "column": 10
          },
          "end": {
            "line": 49,
            "column": 43
          }
        },
        "type": "binary-expr",
        "locations": [
          {
            "start": {
              "line": 49,
              "column": 10
            },
            "end": {
              "line": 49,
              "column": 43
            }
          },
          {
            "start": {
              "line": 49,
              "column": 47
            },
            "end": {
              "line": 49,
              "column": 80
            }
          }
        ]
      },
      "2": {
        "loc": {
          "start": {
            "line": 85,
            "column": 6
          },
          "end": {
            "line": 87,
            "column": null
          }
        },
        "type": "if",
        "locations": [
          {
            "start": {
              "line": 85,
              "column": 6
            },
            "end": {
              "line": 87,
              "column": null
            }
          },
          {
            "start": {
              "line": 85,
              "column": 6
            },
            "end": {
              "line": 87,
              "column": null
            }
          }
        ]
      },
      "3": {
        "loc": {
          "start": {
            "line": 91,
            "column": 6
          },
          "end": {
            "line": 93,
            "column": null
          }
        },
        "type": "if",
        "locations": [
          {
            "start": {
              "line": 91,
              "column": 6
            },
            "end": {
              "line": 93,
              "column": null
            }
          },
          {
            "start": {
              "line": 91,
              "column": 6
            },
            "end": {
              "line": 93,
              "column": null
            }
          }
        ]
      },
      "4": {
        "loc": {
          "start": {
            "line": 97,
            "column": 6
          },
          "end": {
            "line": 99,
            "column": null
          }
        },
        "type": "if",
        "locations": [
          {
            "start": {
              "line": 97,
              "column": 6
            },
            "end": {
              "line": 99,
              "column": null
            }
          },
          {
            "start": {
              "line": 97,
              "column": 6
            },
            "end": {
              "line": 99,
              "column": null
            }
          }
        ]
      },
      "5": {
        "loc": {
          "start": {
            "line": 103,
            "column": 6
          },
          "end": {
            "line": 105,
            "column": null
          }
        },
        "type": "if",
        "locations": [
          {
            "start": {
              "line": 103,
              "column": 6
            },
            "end": {
              "line": 105,
              "column": null
            }
          },
          {
            "start": {
              "line": 103,
              "column": 6
            },
            "end": {
              "line": 105,
              "column": null
            }
          }
        ]
      },
      "6": {
        "loc": {
          "start": {
            "line": 109,
            "column": 6
          },
          "end": {
            "line": 111,
            "column": null
          }
        },
        "type": "if",
        "locations": [
          {
            "start": {
              "line": 109,
              "column": 6
            },
            "end": {
              "line": 111,
              "column": null
            }
          },
          {
            "start": {
              "line": 109,
              "column": 6
            },
            "end": {
              "line": 111,
              "column": null
            }
          }
        ]
      }
    },
    "s": {
      "0": 16,
      "1": 16,
      "2": 4,
      "3": 4,
      "4": 16,
      "5": 4,
      "6": 12,
      "7": 0,
      "8": 4,
      "9": 0,
      "10": 0,
      "11": 0,
      "12": 0,
      "13": 0,
      "14": 0,
      "15": 0,
      "16": 0,
      "17": 26,
      "18": 22,
      "19": 4,
      "20": 0,
      "21": 0,
      "22": 0,
      "23": 0,
      "24": 0,
      "25": 0,
      "26": 0,
      "27": 0,
      "28": 0,
      "29": 0,
      "30": 0,
      "31": 0,
      "32": 2,
      "33": 2,
      "34": 12,
      "35": 12,
      "36": 0,
      "37": 0,
      "38": 0,
      "39": 0,
      "40": 0,
      "41": 0,
      "42": 0,
      "43": 0,
      "44": 14,
      "45": 0,
      "46": 4,
      "47": 0,
      "48": 0,
      "49": 12
    },
    "f": {
      "0": 4,
      "1": 4,
      "2": 16,
      "3": 0,
      "4": 4,
      "5": 0,
      "6": 0,
      "7": 0,
      "8": 0,
      "9": 0,
      "10": 0,
      "11": 0,
      "12": 0,
      "13": 26,
      "14": 0,
      "15": 0,
      "16": 0,
      "17": 0,
      "18": 2,
      "19": 2,
      "20": 12,
      "21": 0,
      "22": 0,
      "23": 0,
      "24": 0,
      "25": 14,
      "26": 0,
      "27": 4,
      "28": 0,
      "29": 12
    },
    "b": {
      "0": [
        4,
        12
      ],
      "1": [
        16,
        4
      ],
      "2": [
        22,
        4
      ],
      "3": [
        0,
        0
      ],
      "4": [
        0,
        0
      ],
      "5": [
        0,
        0
      ],
      "6": [
        0,
        0
      ]
    }
  },
  "src\\store\\modules\\AlertError.ts": {
    "path": "src\\store\\modules\\AlertError.ts",
    "statementMap": {
      "0": {
        "start": {
          "line": 3,
          "column": 14
        },
        "end": {
          "line": 23,
          "column": 2
        }
      },
      "1": {
        "start": {
          "line": 25,
          "column": 16
        },
        "end": {
          "line": 38,
          "column": 2
        }
      },
      "2": {
        "start": {
          "line": 27,
          "column": 8
        },
        "end": {
          "line": 27,
          "column": null
        }
      },
      "3": {
        "start": {
          "line": 30,
          "column": 8
        },
        "end": {
          "line": 30,
          "column": null
        }
      },
      "4": {
        "start": {
          "line": 33,
          "column": 8
        },
        "end": {
          "line": 33,
          "column": null
        }
      },
      "5": {
        "start": {
          "line": 36,
          "column": 8
        },
        "end": {
          "line": 36,
          "column": null
        }
      },
      "6": {
        "start": {
          "line": 40,
          "column": 18
        },
        "end": {
          "line": 50,
          "column": 2
        }
      },
      "7": {
        "start": {
          "line": 42,
          "column": 8
        },
        "end": {
          "line": 42,
          "column": null
        }
      },
      "8": {
        "start": {
          "line": 45,
          "column": 8
        },
        "end": {
          "line": 45,
          "column": null
        }
      },
      "9": {
        "start": {
          "line": 48,
          "column": 8
        },
        "end": {
          "line": 48,
          "column": null
        }
      },
      "10": {
        "start": {
          "line": 52,
          "column": 16
        },
        "end": {
          "line": 65,
          "column": 2
        }
      },
      "11": {
        "start": {
          "line": 54,
          "column": 8
        },
        "end": {
          "line": 56,
          "column": null
        }
      },
      "12": {
        "start": {
          "line": 57,
          "column": 8
        },
        "end": {
          "line": 57,
          "column": null
        }
      },
      "13": {
        "start": {
          "line": 58,
          "column": 8
        },
        "end": {
          "line": 58,
          "column": null
        }
      },
      "14": {
        "start": {
          "line": 61,
          "column": 8
        },
        "end": {
          "line": 63,
          "column": null
        }
      }
    },
    "fnMap": {
      "0": {
        "name": "(anonymous_0)",
        "decl": {
          "start": {
            "line": 26,
            "column": 23
          },
          "end": {
            "line": 26,
            "column": 24
          }
        },
        "loc": {
          "start": {
            "line": 26,
            "column": 38
          },
          "end": {
            "line": 28,
            "column": 5
          }
        }
      },
      "1": {
        "name": "(anonymous_1)",
        "decl": {
          "start": {
            "line": 29,
            "column": 24
          },
          "end": {
            "line": 29,
            "column": 25
          }
        },
        "loc": {
          "start": {
            "line": 29,
            "column": 39
          },
          "end": {
            "line": 31,
            "column": 5
          }
        }
      },
      "2": {
        "name": "(anonymous_2)",
        "decl": {
          "start": {
            "line": 32,
            "column": 26
          },
          "end": {
            "line": 32,
            "column": 27
          }
        },
        "loc": {
          "start": {
            "line": 32,
            "column": 41
          },
          "end": {
            "line": 34,
            "column": 5
          }
        }
      },
      "3": {
        "name": "(anonymous_3)",
        "decl": {
          "start": {
            "line": 35,
            "column": 32
          },
          "end": {
            "line": 35,
            "column": 33
          }
        },
        "loc": {
          "start": {
            "line": 35,
            "column": 61
          },
          "end": {
            "line": 37,
            "column": 5
          }
        }
      },
      "4": {
        "name": "(anonymous_4)",
        "decl": {
          "start": {
            "line": 41,
            "column": 23
          },
          "end": {
            "line": 41,
            "column": 24
          }
        },
        "loc": {
          "start": {
            "line": 41,
            "column": 52
          },
          "end": {
            "line": 43,
            "column": 5
          }
        }
      },
      "5": {
        "name": "(anonymous_5)",
        "decl": {
          "start": {
            "line": 44,
            "column": 24
          },
          "end": {
            "line": 44,
            "column": 25
          }
        },
        "loc": {
          "start": {
            "line": 44,
            "column": 53
          },
          "end": {
            "line": 46,
            "column": 5
          }
        }
      },
      "6": {
        "name": "(anonymous_6)",
        "decl": {
          "start": {
            "line": 47,
            "column": 26
          },
          "end": {
            "line": 47,
            "column": 27
          }
        },
        "loc": {
          "start": {
            "line": 47,
            "column": 55
          },
          "end": {
            "line": 49,
            "column": 5
          }
        }
      },
      "7": {
        "name": "(anonymous_7)",
        "decl": {
          "start": {
            "line": 53,
            "column": 20
          },
          "end": {
            "line": 53,
            "column": 21
          }
        },
        "loc": {
          "start": {
            "line": 53,
            "column": 54
          },
          "end": {
            "line": 59,
            "column": 5
          }
        }
      },
      "8": {
        "name": "(anonymous_8)",
        "decl": {
          "start": {
            "line": 60,
            "column": 20
          },
          "end": {
            "line": 60,
            "column": 21
          }
        },
        "loc": {
          "start": {
            "line": 60,
            "column": 40
          },
          "end": {
            "line": 64,
            "column": 5
          }
        }
      }
    },
    "branchMap": {},
    "s": {
      "0": 16,
      "1": 16,
      "2": 20,
      "3": 2,
      "4": 20,
      "5": 24,
      "6": 16,
      "7": 28,
      "8": 12,
      "9": 12,
      "10": 16,
      "11": 12,
      "12": 12,
      "13": 12,
      "14": 16
    },
    "f": {
      "0": 20,
      "1": 2,
      "2": 20,
      "3": 24,
      "4": 28,
      "5": 12,
      "6": 12,
      "7": 12,
      "8": 16
    },
    "b": {}
  },
  "src\\store\\modules\\DataCalonPeserta.ts": {
    "path": "src\\store\\modules\\DataCalonPeserta.ts",
    "statementMap": {
      "0": {
        "start": {
          "line": 2,
          "column": 14
        },
        "end": {
          "line": 21,
          "column": 2
        }
      },
      "1": {
        "start": {
          "line": 23,
          "column": 16
        },
        "end": {
          "line": 27,
          "column": 2
        }
      },
      "2": {
        "start": {
          "line": 25,
          "column": 4
        },
        "end": {
          "line": 25,
          "column": 30
        }
      },
      "3": {
        "start": {
          "line": 28,
          "column": 18
        },
        "end": {
          "line": 28,
          "column": 20
        }
      },
      "4": {
        "start": {
          "line": 29,
          "column": 16
        },
        "end": {
          "line": 29,
          "column": 18
        }
      }
    },
    "fnMap": {
      "0": {
        "name": "(anonymous_0)",
        "decl": {
          "start": {
            "line": 24,
            "column": 19
          },
          "end": {
            "line": 24,
            "column": 22
          }
        },
        "loc": {
          "start": {
            "line": 24,
            "column": 24
          },
          "end": {
            "line": 26,
            "column": 3
          }
        }
      }
    },
    "branchMap": {},
    "s": {
      "0": 16,
      "1": 16,
      "2": 0,
      "3": 16,
      "4": 16
    },
    "f": {
      "0": 0
    },
    "b": {}
  },
  "src\\store\\modules\\Home.ts": {
    "path": "src\\store\\modules\\Home.ts",
    "statementMap": {
      "0": {
        "start": {
          "line": 2,
          "column": 14
        },
        "end": {
          "line": 158,
          "column": 2
        }
      },
      "1": {
        "start": {
          "line": 160,
          "column": 16
        },
        "end": {
          "line": 179,
          "column": 2
        }
      },
      "2": {
        "start": {
          "line": 162,
          "column": 4
        },
        "end": {
          "line": 162,
          "column": 31
        }
      },
      "3": {
        "start": {
          "line": 165,
          "column": 4
        },
        "end": {
          "line": 165,
          "column": 40
        }
      },
      "4": {
        "start": {
          "line": 168,
          "column": 4
        },
        "end": {
          "line": 168,
          "column": 44
        }
      },
      "5": {
        "start": {
          "line": 171,
          "column": 4
        },
        "end": {
          "line": 171,
          "column": 31
        }
      },
      "6": {
        "start": {
          "line": 174,
          "column": 4
        },
        "end": {
          "line": 174,
          "column": 34
        }
      },
      "7": {
        "start": {
          "line": 177,
          "column": 4
        },
        "end": {
          "line": 177,
          "column": 33
        }
      },
      "8": {
        "start": {
          "line": 181,
          "column": 18
        },
        "end": {
          "line": 181,
          "column": 20
        }
      },
      "9": {
        "start": {
          "line": 183,
          "column": 16
        },
        "end": {
          "line": 183,
          "column": 18
        }
      }
    },
    "fnMap": {
      "0": {
        "name": "(anonymous_0)",
        "decl": {
          "start": {
            "line": 161,
            "column": 15
          },
          "end": {
            "line": 161,
            "column": 16
          }
        },
        "loc": {
          "start": {
            "line": 161,
            "column": 30
          },
          "end": {
            "line": 163,
            "column": 3
          }
        }
      },
      "1": {
        "name": "(anonymous_1)",
        "decl": {
          "start": {
            "line": 164,
            "column": 24
          },
          "end": {
            "line": 164,
            "column": 25
          }
        },
        "loc": {
          "start": {
            "line": 164,
            "column": 39
          },
          "end": {
            "line": 166,
            "column": 3
          }
        }
      },
      "2": {
        "name": "(anonymous_2)",
        "decl": {
          "start": {
            "line": 167,
            "column": 28
          },
          "end": {
            "line": 167,
            "column": 29
          }
        },
        "loc": {
          "start": {
            "line": 167,
            "column": 43
          },
          "end": {
            "line": 169,
            "column": 3
          }
        }
      },
      "3": {
        "name": "(anonymous_3)",
        "decl": {
          "start": {
            "line": 170,
            "column": 18
          },
          "end": {
            "line": 170,
            "column": 19
          }
        },
        "loc": {
          "start": {
            "line": 170,
            "column": 33
          },
          "end": {
            "line": 172,
            "column": 3
          }
        }
      },
      "4": {
        "name": "(anonymous_4)",
        "decl": {
          "start": {
            "line": 173,
            "column": 21
          },
          "end": {
            "line": 173,
            "column": 22
          }
        },
        "loc": {
          "start": {
            "line": 173,
            "column": 36
          },
          "end": {
            "line": 175,
            "column": 3
          }
        }
      },
      "5": {
        "name": "(anonymous_5)",
        "decl": {
          "start": {
            "line": 176,
            "column": 20
          },
          "end": {
            "line": 176,
            "column": 21
          }
        },
        "loc": {
          "start": {
            "line": 176,
            "column": 35
          },
          "end": {
            "line": 178,
            "column": 3
          }
        }
      }
    },
    "branchMap": {},
    "s": {
      "0": 16,
      "1": 16,
      "2": 14,
      "3": 14,
      "4": 14,
      "5": 14,
      "6": 14,
      "7": 14,
      "8": 16,
      "9": 16
    },
    "f": {
      "0": 14,
      "1": 14,
      "2": 14,
      "3": 14,
      "4": 14,
      "5": 14
    },
    "b": {}
  },
  "src\\store\\modules\\Pengumuman.ts": {
    "path": "src\\store\\modules\\Pengumuman.ts",
    "statementMap": {
      "0": {
        "start": {
          "line": 2,
          "column": 14
        },
        "end": {
          "line": 25,
          "column": 2
        }
      },
      "1": {
        "start": {
          "line": 27,
          "column": 16
        },
        "end": {
          "line": 45,
          "column": 2
        }
      },
      "2": {
        "start": {
          "line": 29,
          "column": 4
        },
        "end": {
          "line": 29,
          "column": 42
        }
      },
      "3": {
        "start": {
          "line": 33,
          "column": 4
        },
        "end": {
          "line": 33,
          "column": 40
        }
      },
      "4": {
        "start": {
          "line": 37,
          "column": 4
        },
        "end": {
          "line": 37,
          "column": null
        }
      },
      "5": {
        "start": {
          "line": 40,
          "column": 4
        },
        "end": {
          "line": 40,
          "column": null
        }
      },
      "6": {
        "start": {
          "line": 43,
          "column": 4
        },
        "end": {
          "line": 43,
          "column": null
        }
      },
      "7": {
        "start": {
          "line": 46,
          "column": 18
        },
        "end": {
          "line": 71,
          "column": 2
        }
      },
      "8": {
        "start": {
          "line": 48,
          "column": 4
        },
        "end": {
          "line": 48,
          "column": 51
        }
      },
      "9": {
        "start": {
          "line": 51,
          "column": 4
        },
        "end": {
          "line": 51,
          "column": null
        }
      },
      "10": {
        "start": {
          "line": 54,
          "column": 4
        },
        "end": {
          "line": 54,
          "column": null
        }
      },
      "11": {
        "start": {
          "line": 57,
          "column": 4
        },
        "end": {
          "line": 57,
          "column": null
        }
      },
      "12": {
        "start": {
          "line": 60,
          "column": 4
        },
        "end": {
          "line": 60,
          "column": null
        }
      },
      "13": {
        "start": {
          "line": 63,
          "column": 4
        },
        "end": {
          "line": 63,
          "column": null
        }
      },
      "14": {
        "start": {
          "line": 66,
          "column": 4
        },
        "end": {
          "line": 66,
          "column": null
        }
      },
      "15": {
        "start": {
          "line": 69,
          "column": 4
        },
        "end": {
          "line": 69,
          "column": null
        }
      },
      "16": {
        "start": {
          "line": 72,
          "column": 16
        },
        "end": {
          "line": 97,
          "column": 2
        }
      },
      "17": {
        "start": {
          "line": 74,
          "column": 4
        },
        "end": {
          "line": 74,
          "column": 51
        }
      },
      "18": {
        "start": {
          "line": 77,
          "column": 4
        },
        "end": {
          "line": 77,
          "column": null
        }
      },
      "19": {
        "start": {
          "line": 80,
          "column": 4
        },
        "end": {
          "line": 80,
          "column": null
        }
      },
      "20": {
        "start": {
          "line": 83,
          "column": 4
        },
        "end": {
          "line": 83,
          "column": null
        }
      },
      "21": {
        "start": {
          "line": 86,
          "column": 4
        },
        "end": {
          "line": 86,
          "column": null
        }
      },
      "22": {
        "start": {
          "line": 89,
          "column": 4
        },
        "end": {
          "line": 89,
          "column": null
        }
      },
      "23": {
        "start": {
          "line": 92,
          "column": 4
        },
        "end": {
          "line": 92,
          "column": null
        }
      },
      "24": {
        "start": {
          "line": 95,
          "column": 4
        },
        "end": {
          "line": 95,
          "column": null
        }
      }
    },
    "fnMap": {
      "0": {
        "name": "(anonymous_0)",
        "decl": {
          "start": {
            "line": 28,
            "column": 17
          },
          "end": {
            "line": 28,
            "column": 18
          }
        },
        "loc": {
          "start": {
            "line": 28,
            "column": 32
          },
          "end": {
            "line": 30,
            "column": 3
          }
        }
      },
      "1": {
        "name": "(anonymous_1)",
        "decl": {
          "start": {
            "line": 32,
            "column": 22
          },
          "end": {
            "line": 32,
            "column": 23
          }
        },
        "loc": {
          "start": {
            "line": 32,
            "column": 37
          },
          "end": {
            "line": 34,
            "column": 3
          }
        }
      },
      "2": {
        "name": "(anonymous_2)",
        "decl": {
          "start": {
            "line": 36,
            "column": 28
          },
          "end": {
            "line": 36,
            "column": 29
          }
        },
        "loc": {
          "start": {
            "line": 36,
            "column": 43
          },
          "end": {
            "line": 38,
            "column": 3
          }
        }
      },
      "3": {
        "name": "(anonymous_3)",
        "decl": {
          "start": {
            "line": 39,
            "column": 15
          },
          "end": {
            "line": 39,
            "column": 16
          }
        },
        "loc": {
          "start": {
            "line": 39,
            "column": 30
          },
          "end": {
            "line": 41,
            "column": 3
          }
        }
      },
      "4": {
        "name": "(anonymous_4)",
        "decl": {
          "start": {
            "line": 42,
            "column": 18
          },
          "end": {
            "line": 42,
            "column": 19
          }
        },
        "loc": {
          "start": {
            "line": 42,
            "column": 33
          },
          "end": {
            "line": 44,
            "column": 3
          }
        }
      },
      "5": {
        "name": "(anonymous_5)",
        "decl": {
          "start": {
            "line": 47,
            "column": 15
          },
          "end": {
            "line": 47,
            "column": 16
          }
        },
        "loc": {
          "start": {
            "line": 47,
            "column": 32
          },
          "end": {
            "line": 49,
            "column": 3
          }
        }
      },
      "6": {
        "name": "(anonymous_6)",
        "decl": {
          "start": {
            "line": 50,
            "column": 19
          },
          "end": {
            "line": 50,
            "column": 20
          }
        },
        "loc": {
          "start": {
            "line": 50,
            "column": 36
          },
          "end": {
            "line": 52,
            "column": 3
          }
        }
      },
      "7": {
        "name": "(anonymous_7)",
        "decl": {
          "start": {
            "line": 53,
            "column": 15
          },
          "end": {
            "line": 53,
            "column": 16
          }
        },
        "loc": {
          "start": {
            "line": 53,
            "column": 32
          },
          "end": {
            "line": 55,
            "column": 3
          }
        }
      },
      "8": {
        "name": "(anonymous_8)",
        "decl": {
          "start": {
            "line": 56,
            "column": 18
          },
          "end": {
            "line": 56,
            "column": 19
          }
        },
        "loc": {
          "start": {
            "line": 56,
            "column": 35
          },
          "end": {
            "line": 58,
            "column": 3
          }
        }
      },
      "9": {
        "name": "(anonymous_9)",
        "decl": {
          "start": {
            "line": 59,
            "column": 28
          },
          "end": {
            "line": 59,
            "column": 29
[...]
          },
          "end": {
            "line": 563,
            "column": null
          }
        },
        "type": "if",
        "locations": [
          {
            "start": {
              "line": 563,
              "column": 0
            },
            "end": {
              "line": 563,
              "column": null
            }
          },
          {
            "start": {
              "line": 563,
              "column": 0
            },
            "end": {
              "line": 563,
              "column": null
            }
          }
        ]
      }
    },
    "s": {
      "0": 0,
      "1": 0,
      "2": 0,
      "3": 0,
      "4": 0,
      "5": 0,
      "6": 0,
      "7": 0,
      "8": 0,
      "9": 0,
      "10": 0,
      "11": 0,
      "12": 0,
      "13": 0,
      "14": 0,
      "15": 0,
      "16": 0,
      "17": 0,
      "18": 0,
      "19": 0,
      "20": 0,
      "21": 0,
      "22": 0,
      "23": 0,
      "24": 0,
      "25": 0,
      "26": 0,
      "27": 0,
      "28": 0,
      "29": 0,
      "30": 0,
      "31": 0,
      "32": 0,
      "33": 0,
      "34": 0,
      "35": 0,
      "36": 0,
      "37": 0,
      "38": 0,
      "39": 0
    },
    "f": {
      "0": 0,
      "1": 0,
      "2": 0,
      "3": 0,
      "4": 0,
      "5": 0,
      "6": 0,
      "7": 0,
      "8": 0,
      "9": 0
    },
    "b": {
      "0": [
        0,
        0
      ],
      "1": [
        0,
        0
      ],
      "2": [
        0,
        0
      ],
      "3": [
        0,
        0
      ],
      "4": [
        0,
        0
      ],
      "5": [
        0,
        0
      ],
      "6": [
        0,
        0
      ],
      "7": [
        0,
        0
      ],
      "8": [
        0,
        0
      ],
      "9": [
        0,
        0
      ],
      "10": [
        0,
        0
      ],
      "11": [
        0,
        0
      ]
    }
  },
  "src\\views\\RegistrationClosed.vue": {
    "path": "src\\views\\RegistrationClosed.vue",
    "statementMap": {
      "0": {
        "start": {
          "line": 22,
          "column": 0
        },
        "end": {
          "line": 30,
          "column": null
        }
      }
    },
    "fnMap": {
      "0": {
        "name": "(anonymous_0)",
        "decl": {
          "start": {
            "line": 21,
            "column": 0
          },
          "end": {
            "line": 21,
            "column": null
          }
        },
        "loc": {
          "start": {
            "line": 21,
            "column": 0
          },
          "end": {
            "line": 31,
            "column": null
          }
        }
      }
    },
    "branchMap": {},
    "s": {
      "0": 0
    },
    "f": {
      "0": 0
    },
    "b": {}
  },
  "src\\views\\RegistrationSuccess.vue": {
    "path": "src\\views\\RegistrationSuccess.vue",
    "statementMap": {
      "0": {
        "start": {
          "line": 16,
          "column": 0
        },
        "end": {
          "line": 30,
          "column": null
        }
      },
      "1": {
        "start": {
          "line": 34,
          "column": 0
        },
        "end": {
          "line": 34,
          "column": null
        }
      },
      "2": {
        "start": {
          "line": 37,
          "column": 0
        },
        "end": {
          "line": 37,
          "column": null
        }
      },
      "3": {
        "start": {
          "line": 47,
          "column": 0
        },
        "end": {
          "line": 49,
          "column": null
        }
      },
      "4": {
        "start": {
          "line": 48,
          "column": 0
        },
        "end": {
          "line": 48,
          "column": null
        }
      },
      "5": {
        "start": {
          "line": 50,
          "column": 0
        },
        "end": {
          "line": 52,
          "column": null
        }
      },
      "6": {
        "start": {
          "line": 51,
          "column": 0
        },
        "end": {
          "line": 51,
          "column": null
        }
      }
    },
    "fnMap": {
      "0": {
        "name": "(anonymous_0)",
        "decl": {
          "start": {
            "line": 15,
            "column": 0
          },
          "end": {
            "line": 15,
            "column": null
          }
        },
        "loc": {
          "start": {
            "line": 15,
            "column": 0
          },
          "end": {
            "line": 31,
            "column": null
          }
        }
      },
      "1": {
        "name": "(anonymous_1)",
        "decl": {
          "start": {
            "line": 33,
            "column": 0
          },
          "end": {
            "line": 33,
            "column": null
          }
        },
        "loc": {
          "start": {
            "line": 33,
            "column": 0
          },
          "end": {
            "line": 35,
            "column": null
          }
        }
      },
      "2": {
        "name": "(anonymous_2)",
        "decl": {
          "start": {
            "line": 36,
            "column": 0
          },
          "end": {
            "line": 36,
            "column": null
          }
        },
        "loc": {
          "start": {
            "line": 36,
            "column": 0
          },
          "end": {
            "line": 38,
            "column": null
          }
        }
      },
      "3": {
        "name": "(anonymous_3)",
        "decl": {
          "start": {
            "line": 46,
            "column": 0
          },
          "end": {
            "line": 46,
            "column": null
          }
        },
        "loc": {
          "start": {
            "line": 46,
            "column": 0
          },
          "end": {
            "line": 53,
            "column": null
          }
        }
      }
    },
    "branchMap": {
      "0": {
        "loc": {
          "start": {
            "line": 47,
            "column": 0
          },
          "end": {
            "line": 49,
            "column": null
          }
        },
        "type": "if",
        "locations": [
          {
            "start": {
              "line": 47,
              "column": 0
            },
            "end": {
              "line": 49,
              "column": null
            }
          },
          {
            "start": {
              "line": 47,
              "column": 0
            },
            "end": {
              "line": 49,
              "column": null
            }
          }
        ]
      },
      "1": {
        "loc": {
          "start": {
            "line": 50,
            "column": 0
          },
          "end": {
            "line": 52,
            "column": null
          }
        },
        "type": "if",
        "locations": [
          {
            "start": {
              "line": 50,
              "column": 0
            },
            "end": {
              "line": 52,
              "column": null
            }
          },
          {
            "start": {
              "line": 50,
              "column": 0
            },
            "end": {
              "line": 52,
              "column": null
            }
          }
        ]
      }
    },
    "s": {
      "0": 0,
      "1": 0,
      "2": 0,
      "3": 0,
      "4": 0,
      "5": 0,
      "6": 0
    },
    "f": {
      "0": 0,
      "1": 0,
      "2": 0,
      "3": 0
    },
    "b": {
      "0": [
        0,
        0
      ],
      "1": [
        0,
        0
      ]
    }
  },
  "src\\views\\Sign.vue": {
    "path": "src\\views\\Sign.vue",
    "statementMap": {
      "0": {
        "start": {
          "line": 37,
          "column": 0
        },
        "end": {
          "line": 39,
          "column": null
        }
      },
      "1": {
        "start": {
          "line": 43,
          "column": 0
        },
        "end": {
          "line": 47,
          "column": null
        }
      },
      "2": {
        "start": {
          "line": 44,
          "column": 0
        },
        "end": {
          "line": 44,
          "column": null
        }
      },
      "3": {
        "start": {
          "line": 46,
          "column": 0
        },
        "end": {
          "line": 46,
          "column": null
        }
      },
      "4": {
        "start": {
          "line": 51,
          "column": 0
        },
        "end": {
          "line": 55,
          "column": null
        }
      },
      "5": {
        "start": {
          "line": 52,
          "column": 0
        },
        "end": {
          "line": 52,
          "column": null
        }
      },
      "6": {
        "start": {
          "line": 54,
          "column": 0
        },
        "end": {
          "line": 54,
          "column": null
        }
      }
    },
    "fnMap": {
      "0": {
        "name": "(anonymous_0)",
        "decl": {
          "start": {
            "line": 36,
            "column": 0
          },
          "end": {
            "line": 36,
            "column": null
          }
        },
        "loc": {
          "start": {
            "line": 36,
            "column": 0
          },
          "end": {
            "line": 40,
            "column": null
          }
        }
      },
      "1": {
        "name": "(anonymous_1)",
        "decl": {
          "start": {
            "line": 42,
            "column": 0
          },
          "end": {
            "line": 42,
            "column": null
          }
        },
        "loc": {
          "start": {
            "line": 42,
            "column": 0
          },
          "end": {
            "line": 48,
            "column": null
          }
        }
      },
      "2": {
        "name": "(anonymous_2)",
        "decl": {
          "start": {
            "line": 50,
            "column": 0
          },
          "end": {
            "line": 50,
            "column": null
          }
        },
        "loc": {
          "start": {
            "line": 50,
            "column": 0
          },
          "end": {
            "line": 56,
            "column": null
          }
        }
      }
    },
    "branchMap": {
      "0": {
        "loc": {
          "start": {
            "line": 43,
            "column": 0
          },
          "end": {
            "line": 47,
            "column": null
          }
        },
        "type": "if",
        "locations": [
          {
            "start": {
              "line": 43,
              "column": 0
            },
            "end": {
              "line": 47,
              "column": null
            }
          },
          {
            "start": {
              "line": 43,
              "column": 0
            },
            "end": {
              "line": 47,
              "column": null
            }
          }
        ]
      },
      "1": {
        "loc": {
          "start": {
            "line": 51,
            "column": 0
          },
          "end": {
            "line": 55,
            "column": null
          }
        },
        "type": "if",
        "locations": [
          {
            "start": {
              "line": 51,
              "column": 0
            },
            "end": {
              "line": 55,
              "column": null
            }
          },
          {
            "start": {
              "line": 51,
              "column": 0
            },
            "end": {
              "line": 55,
              "column": null
            }
          }
        ]
      }
    },
    "s": {
      "0": 4,
      "1": 0,
      "2": 0,
      "3": 0,
      "4": 4,
      "5": 4,
      "6": 0
    },
    "f": {
      "0": 4,
      "1": 0,
      "2": 4
    },
    "b": {
      "0": [
        0,
        0
      ],
      "1": [
        4,
        0
      ]
    }
  },
  "src\\views\\StudentSchedule.vue": {
    "path": "src\\views\\StudentSchedule.vue",
    "statementMap": {
      "0": {
        "start": {
          "line": 65,
          "column": 0
        },
        "end": {
          "line": 77,
          "column": null
        }
      },
      "1": {
        "start": {
          "line": 81,
          "column": 0
        },
        "end": {
          "line": 81,
          "column": null
        }
      },
      "2": {
        "start": {
          "line": 82,
          "column": 0
        },
        "end": {
          "line": 82,
          "column": null
        }
      },
      "3": {
        "start": {
          "line": 83,
          "column": 0
        },
        "end": {
          "line": 83,
          "column": null
        }
      },
      "4": {
        "start": {
          "line": 86,
          "column": 0
        },
        "end": {
          "line": 86,
          "column": null
        }
      },
      "5": {
        "start": {
          "line": 87,
          "column": 0
        },
        "end": {
          "line": 87,
          "column": null
        }
      },
      "6": {
        "start": {
          "line": 90,
          "column": 0
        },
        "end": {
          "line": 94,
          "column": null
        }
      },
      "7": {
        "start": {
          "line": 91,
          "column": 0
        },
        "end": {
          "line": 91,
          "column": null
        }
      },
      "8": {
        "start": {
          "line": 93,
          "column": 0
        },
        "end": {
          "line": 93,
          "column": null
        }
      },
      "9": {
        "start": {
          "line": 97,
          "column": 0
        },
        "end": {
          "line": 103,
          "column": null
        }
      },
      "10": {
        "start": {
          "line": 102,
          "column": 0
        },
        "end": {
          "line": 102,
          "column": null
        }
      },
      "11": {
        "start": {
          "line": 104,
          "column": 0
        },
        "end": {
          "line": 112,
          "column": null
        }
      },
      "12": {
        "start": {
          "line": 104,
          "column": 0
        },
        "end": {
          "line": 104,
          "column": null
        }
      },
      "13": {
        "start": {
          "line": 105,
          "column": 0
        },
        "end": {
          "line": 107,
          "column": null
        }
      },
      "14": {
        "start": {
          "line": 108,
          "column": 0
        },
        "end": {
          "line": 111,
          "column": null
        }
      },
      "15": {
        "start": {
          "line": 109,
          "column": 0
        },
        "end": {
          "line": 109,
          "column": null
        }
      },
      "16": {
        "start": {
          "line": 110,
          "column": 0
        },
        "end": {
          "line": 110,
          "column": null
        }
      },
      "17": {
        "start": {
          "line": 116,
          "column": 0
        },
        "end": {
          "line": 116,
          "column": null
        }
      }
    },
    "fnMap": {
      "0": {
        "name": "(anonymous_0)",
        "decl": {
          "start": {
            "line": 64,
            "column": 0
          },
          "end": {
            "line": 64,
            "column": null
          }
        },
        "loc": {
          "start": {
            "line": 64,
            "column": 0
          },
          "end": {
            "line": 78,
            "column": null
          }
        }
      },
      "1": {
        "name": "(anonymous_1)",
        "decl": {
          "start": {
            "line": 80,
            "column": 0
          },
          "end": {
            "line": 80,
            "column": null
          }
        },
        "loc": {
          "start": {
            "line": 80,
            "column": 0
          },
          "end": {
            "line": 84,
            "column": null
          }
        }
      },
      "2": {
        "name": "(anonymous_2)",
        "decl": {
          "start": {
            "line": 85,
            "column": 0
          },
          "end": {
            "line": 85,
            "column": null
          }
        },
        "loc": {
          "start": {
            "line": 85,
            "column": 0
          },
          "end": {
            "line": 88,
            "column": null
          }
        }
      },
      "3": {
        "name": "(anonymous_3)",
        "decl": {
          "start": {
            "line": 89,
            "column": 0
          },
          "end": {
            "line": 89,
            "column": null
          }
        },
        "loc": {
          "start": {
            "line": 89,
            "column": 0
          },
          "end": {
            "line": 95,
            "column": null
          }
        }
      },
      "4": {
        "name": "(anonymous_4)",
        "decl": {
          "start": {
            "line": 96,
            "column": 0
          },
          "end": {
            "line": 96,
            "column": null
          }
        },
        "loc": {
          "start": {
            "line": 96,
            "column": 0
          },
          "end": {
            "line": 113,
            "column": null
          }
        }
      },
      "5": {
        "name": "(anonymous_5)",
        "decl": {
          "start": {
            "line": 101,
            "column": 0
          },
          "end": {
            "line": 101,
            "column": null
          }
        },
        "loc": {
          "start": {
            "line": 101,
            "column": 0
          },
          "end": {
            "line": 103,
            "column": null
          }
        }
      },
      "6": {
        "name": "(anonymous_6)",
        "decl": {
          "start": {
            "line": 115,
            "column": 0
          },
          "end": {
            "line": 115,
            "column": null
          }
        },
        "loc": {
          "start": {
            "line": 115,
            "column": 0
          },
          "end": {
            "line": 117,
            "column": null
          }
        }
      }
    },
    "branchMap": {
      "0": {
        "loc": {
          "start": {
            "line": 90,
            "column": 0
          },
          "end": {
            "line": 94,
            "column": null
          }
        },
        "type": "if",
        "locations": [
          {
            "start": {
              "line": 90,
              "column": 0
            },
            "end": {
              "line": 94,
              "column": null
            }
          },
          {
            "start": {
              "line": 90,
              "column": 0
            },
            "end": {
              "line": 94,
              "column": null
            }
          }
        ]
      },
      "1": {
        "loc": {
          "start": {
            "line": 108,
            "column": 0
          },
          "end": {
            "line": 111,
            "column": null
          }
        },
        "type": "if",
        "locations": [
          {
            "start": {
              "line": 108,
              "column": 0
            },
            "end": {
              "line": 111,
              "column": null
            }
          },
          {
            "start": {
              "line": 108,
              "column": 0
            },
            "end": {
              "line": 111,
              "column": null
            }
          }
        ]
      }
    },
    "s": {
      "0": 0,
      "1": 0,
      "2": 0,
      "3": 0,
      "4": 0,
      "5": 0,
      "6": 0,
      "7": 0,
      "8": 0,
      "9": 0,
      "10": 0,
      "11": 0,
      "12": 0,
      "13": 0,
      "14": 0,
      "15": 0,
      "16": 0,
      "17": 0
    },
    "f": {
      "0": 0,
      "1": 0,
      "2": 0,
      "3": 0,
      "4": 0,
      "5": 0,
      "6": 0
    },
    "b": {
      "0": [
        0,
        0
      ],
      "1": [
        0,
        0
      ]
    }
  }
}