{
  "src\\components\\NavBeforeLogin.vue": {
    "path": "src\\components\\NavBeforeLogin.vue",
    "statementMap": {
      "0": {
        "start": {
          "line": 50,
          "column": 0
        },
        "end": {
          "line": 52,
          "column": null
        }
      },
      "1": {
        "start": {
          "line": 56,
          "column": 0
        },
        "end": {
          "line": 56,
          "column": null
        }
      },
      "2": {
        "start": {
          "line": 60,
          "column": 0
        },
        "end": {
          "line": 60,
          "column": null
        }
      },
      "3": {
        "start": {
          "line": 61,
          "column": 0
        },
        "end": {
          "line": 61,
          "column": null
        }
      },
      "4": {
        "start": {
          "line": 62,
          "column": 0
        },
        "end": {
          "line": 62,
          "column": null
        }
      }
    },
    "fnMap": {
      "0": {
        "name": "(anonymous_0)",
        "decl": {
          "start": {
            "line": 49,
            "column": 0
          },
          "end": {
            "line": 49,
            "column": null
          }
        },
        "loc": {
          "start": {
            "line": 49,
            "column": 0
          },
          "end": {
            "line": 53,
            "column": null
          }
        }
      },
      "1": {
        "name": "(anonymous_1)",
        "decl": {
          "start": {
            "line": 55,
            "column": 0
          },
          "end": {
            "line": 55,
            "column": null
          }
        },
        "loc": {
          "start": {
            "line": 55,
            "column": 0
          },
          "end": {
            "line": 57,
            "column": null
          }
        }
      },
      "2": {
        "name": "(anonymous_2)",
        "decl": {
          "start": {
            "line": 59,
            "column": 0
          },
          "end": {
            "line": 59,
            "column": null
          }
        },
        "loc": {
          "start": {
            "line": 59,
            "column": 0
          },
          "end": {
            "line": 63,
            "column": null
          }
        }
      }
    },
    "branchMap": {},
    "s": {
      "0": 6,
      "1": 0,
      "2": 6,
      "3": 6,
      "4": 6
    },
    "f": {
      "0": 6,
      "1": 0,
      "2": 6
    },
    "b": {}
  },
  "src\\components\\NavLoggedIn.vue": {
    "path": "src\\components\\NavLoggedIn.vue",
    "statementMap": {
      "0": {
        "start": {
          "line": 104,
          "column": 0
        },
        "end": {
          "line": 107,
          "column": null
        }
      },
      "1": {
        "start": {
          "line": 111,
          "column": 0
        },
        "end": {
          "line": 111,
          "column": null
        }
      },
      "2": {
        "start": {
          "line": 112,
          "column": 0
        },
        "end": {
          "line": 112,
          "column": null
        }
      },
      "3": {
        "start": {
          "line": 115,
          "column": 0
        },
        "end": {
          "line": 115,
          "column": null
        }
      },
      "4": {
        "start": {
          "line": 116,
          "column": 0
        },
        "end": {
          "line": 116,
          "column": null
        }
      },
      "5": {
        "start": {
          "line": 117,
          "column": 0
        },
        "end": {
          "line": 117,
          "column": null
        }
      },
      "6": {
        "start": {
          "line": 120,
          "column": 0
        },
        "end": {
          "line": 120,
          "column": null
        }
      },
      "7": {
        "start": {
          "line": 123,
          "column": 0
        },
        "end": {
          "line": 123,
          "column": null
        }
      },
      "8": {
        "start": {
          "line": 135,
          "column": 0
        },
        "end": {
          "line": 135,
          "column": null
        }
      },
      "9": {
        "start": {
          "line": 136,
          "column": 0
        },
        "end": {
          "line": 139,
          "column": null
        }
      },
      "10": {
        "start": {
          "line": 137,
          "column": 0
        },
        "end": {
          "line": 137,
          "column": null
        }
      },
      "11": {
        "start": {
          "line": 138,
          "column": 0
        },
        "end": {
          "line": 138,
          "column": null
        }
      },
      "12": {
        "start": {
          "line": 140,
          "column": 0
        },
        "end": {
          "line": 140,
          "column": null
        }
      },
      "13": {
        "start": {
          "line": 141,
          "column": 0
        },
        "end": {
          "line": 141,
          "column": null
        }
      },
      "14": {
        "start": {
          "line": 142,
          "column": 0
        },
        "end": {
          "line": 142,
          "column": null
        }
      }
    },
    "fnMap": {
      "0": {
        "name": "(anonymous_0)",
        "decl": {
          "start": {
            "line": 103,
            "column": 0
          },
          "end": {
            "line": 103,
            "column": null
          }
        },
        "loc": {
          "start": {
            "line": 103,
            "column": 0
          },
          "end": {
            "line": 108,
            "column": null
          }
        }
      },
      "1": {
        "name": "(anonymous_1)",
        "decl": {
          "start": {
            "line": 110,
            "column": 0
          },
          "end": {
            "line": 110,
            "column": null
          }
        },
        "loc": {
          "start": {
            "line": 110,
            "column": 0
          },
          "end": {
            "line": 113,
            "column": null
          }
        }
      },
      "2": {
        "name": "(anonymous_2)",
        "decl": {
          "start": {
            "line": 114,
            "column": 0
          },
          "end": {
            "line": 114,
            "column": null
          }
        },
        "loc": {
          "start": {
            "line": 114,
            "column": 0
          },
          "end": {
            "line": 118,
            "column": null
          }
        }
      },
      "3": {
        "name": "(anonymous_3)",
        "decl": {
          "start": {
            "line": 119,
            "column": 0
          },
          "end": {
            "line": 119,
            "column": null
          }
        },
        "loc": {
          "start": {
            "line": 119,
            "column": 0
          },
          "end": {
            "line": 121,
            "column": null
          }
        }
      },
      "4": {
        "name": "(anonymous_4)",
        "decl": {
          "start": {
            "line": 122,
            "column": 0
          },
          "end": {
            "line": 122,
            "column": null
          }
        },
        "loc": {
          "start": {
            "line": 122,
            "column": 0
          },
          "end": {
            "line": 124,
            "column": null
          }
        }
      },
      "5": {
        "name": "(anonymous_5)",
        "decl": {
          "start": {
            "line": 134,
            "column": 0
          },
          "end": {
            "line": 134,
            "column": null
          }
        },
        "loc": {
          "start": {
            "line": 134,
            "column": 0
          },
          "end": {
            "line": 143,
            "column": null
          }
        }
      }
    },
    "branchMap": {
      "0": {
        "loc": {
          "start": {
            "line": 136,
            "column": 0
          },
          "end": {
            "line": 139,
            "column": null
          }
        },
        "type": "if",
        "locations": [
          {
            "start": {
              "line": 136,
              "column": 0
            },
            "end": {
              "line": 139,
              "column": null
            }
          },
          {
            "start": {
              "line": 136,
              "column": 0
            },
            "end": {
              "line": 139,
              "column": null
            }
          }
        ]
      }
    },
    "s": {
      "0": 2,
      "1": 0,
      "2": 0,
      "3": 0,
      "4": 0,
      "5": 0,
      "6": 2,
      "7": 0,
      "8": 2,
      "9": 2,
      "10": 0,
      "11": 0,
      "12": 2,
      "13": 2,
      "14": 2
    },
    "f": {
      "0": 2,
      "1": 0,
      "2": 0,
      "3": 2,
      "4": 0,
      "5": 2
    },
    "b": {
      "0": [
        0,
        2
      ]
    }
  },
  "src\\components\\SignInForm.vue": {
    "path": "src\\components\\SignInForm.vue",
    "statementMap": {
      "0": {
        "start": {
          "line": 77,
          "column": 0
        },
        "end": {
          "line": 91,
          "column": null
        }
      },
      "1": {
        "start": {
          "line": 105,
          "column": 0
        },
        "end": {
          "line": 105,
          "column": null
        }
      },
      "2": {
        "start": {
          "line": 106,
          "column": 0
        },
        "end": {
          "line": 126,
          "column": null
        }
      },
      "3": {
        "start": {
          "line": 107,
          "column": 0
        },
        "end": {
          "line": 109,
          "column": null
        }
      },
      "4": {
        "start": {
          "line": 108,
          "column": 0
        },
        "end": {
          "line": 108,
          "column": null
        }
      },
      "5": {
        "start": {
          "line": 110,
          "column": 0
        },
        "end": {
          "line": 112,
          "column": null
        }
      },
      "6": {
        "start": {
          "line": 112,
          "column": 0
        },
        "end": {
          "line": 112,
          "column": null
        }
      },
      "7": {
        "start": {
          "line": 113,
          "column": 0
        },
        "end": {
          "line": 115,
          "column": null
        }
      },
      "8": {
        "start": {
          "line": 115,
          "column": 0
        },
        "end": {
          "line": 115,
          "column": null
        }
      },
      "9": {
        "start": {
          "line": 117,
          "column": 0
        },
        "end": {
          "line": 119,
          "column": null
        }
      },
      "10": {
        "start": {
          "line": 118,
          "column": 0
        },
        "end": {
          "line": 118,
          "column": null
        }
      },
      "11": {
        "start": {
          "line": 120,
          "column": 0
        },
        "end": {
          "line": 122,
          "column": null
        }
      },
      "12": {
        "start": {
          "line": 122,
          "column": 0
        },
        "end": {
          "line": 122,
          "column": null
        }
      },
      "13": {
        "start": {
          "line": 123,
          "column": 0
        },
        "end": {
          "line": 125,
          "column": null
        }
      },
      "14": {
        "start": {
          "line": 125,
          "column": 0
        },
        "end": {
          "line": 125,
          "column": null
        }
      },
      "15": {
        "start": {
          "line": 129,
          "column": 0
        },
        "end": {
          "line": 129,
          "column": null
        }
      },
      "16": {
        "start": {
          "line": 130,
          "column": 0
        },
        "end": {
          "line": 130,
          "column": null
        }
      },
      "17": {
        "start": {
          "line": 133,
          "column": 0
        },
        "end": {
          "line": 142,
          "column": null
        }
      },
      "18": {
        "start": {
          "line": 135,
          "column": 0
        },
        "end": {
          "line": 135,
          "column": null
        }
      },
      "19": {
        "start": {
          "line": 138,
          "column": 0
        },
        "end": {
          "line": 138,
          "column": null
        }
      },
      "20": {
        "start": {
          "line": 141,
          "column": 0
        },
        "end": {
          "line": 141,
          "column": null
        }
      },
      "21": {
        "start": {
          "line": 145,
          "column": 0
        },
        "end": {
          "line": 145,
          "column": null
        }
      },
      "22": {
        "start": {
          "line": 146,
          "column": 0
        },
        "end": {
          "line": 151,
          "column": null
        }
      },
      "23": {
        "start": {
          "line": 147,
          "column": 0
        },
        "end": {
          "line": 147,
          "column": null
        }
      },
      "24": {
        "start": {
          "line": 149,
          "column": 0
        },
        "end": {
          "line": 149,
          "column": null
        }
      },
      "25": {
        "start": {
          "line": 150,
          "column": 0
        },
        "end": {
          "line": 150,
          "column": null
        }
      }
    },
    "fnMap": {
      "0": {
        "name": "(anonymous_0)",
        "decl": {
          "start": {
            "line": 76,
            "column": 0
          },
          "end": {
            "line": 76,
            "column": null
          }
        },
        "loc": {
          "start": {
            "line": 76,
            "column": 0
          },
          "end": {
            "line": 92,
            "column": null
          }
        }
      },
      "1": {
        "name": "(anonymous_1)",
        "decl": {
          "start": {
            "line": 104,
            "column": 0
          },
          "end": {
            "line": 104,
            "column": null
          }
        },
        "loc": {
          "start": {
            "line": 104,
            "column": 0
          },
          "end": {
            "line": 127,
            "column": null
          }
        }
      },
      "2": {
        "name": "(anonymous_2)",
        "decl": {
          "start": {
            "line": 107,
            "column": 0
          },
          "end": {
            "line": 107,
            "column": null
          }
        },
        "loc": {
          "start": {
            "line": 107,
            "column": 0
          },
          "end": {
            "line": 109,
            "column": null
          }
        }
      },
      "3": {
        "name": "(anonymous_3)",
        "decl": {
          "start": {
            "line": 112,
            "column": 0
          },
          "end": {
            "line": 112,
            "column": null
          }
        },
        "loc": {
          "start": {
            "line": 112,
            "column": 0
          },
          "end": {
            "line": 112,
            "column": null
          }
        }
      },
      "4": {
        "name": "(anonymous_4)",
        "decl": {
          "start": {
            "line": 115,
            "column": 0
          },
          "end": {
            "line": 115,
            "column": null
          }
        },
        "loc": {
          "start": {
            "line": 115,
            "column": 0
          },
          "end": {
            "line": 115,
            "column": null
          }
        }
      },
      "5": {
        "name": "(anonymous_5)",
        "decl": {
          "start": {
            "line": 117,
            "column": 0
          },
          "end": {
            "line": 117,
            "column": null
          }
        },
        "loc": {
          "start": {
            "line": 117,
            "column": 0
          },
          "end": {
            "line": 119,
            "column": null
          }
        }
      },
      "6": {
        "name": "(anonymous_6)",
        "decl": {
          "start": {
            "line": 122,
            "column": 0
          },
          "end": {
            "line": 122,
            "column": null
          }
        },
        "loc": {
          "start": {
            "line": 122,
            "column": 0
          },
          "end": {
            "line": 122,
            "column": null
          }
        }
      },
      "7": {
        "name": "(anonymous_7)",
        "decl": {
          "start": {
            "line": 125,
            "column": 0
          },
          "end": {
            "line": 125,
            "column": null
          }
        },
        "loc": {
          "start": {
            "line": 125,
            "column": 0
          },
          "end": {
            "line": 125,
            "column": null
          }
        }
      },
      "8": {
        "name": "(anonymous_8)",
        "decl": {
          "start": {
            "line": 128,
            "column": 0
          },
          "end": {
            "line": 128,
            "column": null
          }
        },
        "loc": {
          "start": {
            "line": 128,
            "column": 0
          },
          "end": {
            "line": 131,
            "column": null
          }
        }
      },
      "9": {
        "name": "(anonymous_9)",
        "decl": {
          "start": {
            "line": 132,
            "column": 0
          },
          "end": {
            "line": 132,
            "column": null
          }
        },
        "loc": {
          "start": {
            "line": 132,
            "column": 0
          },
          "end": {
            "line": 143,
            "column": null
          }
        }
      },
      "10": {
        "name": "(anonymous_10)",
        "decl": {
          "start": {
            "line": 134,
            "column": 0
          },
          "end": {
            "line": 134,
            "column": null
          }
        },
        "loc": {
          "start": {
            "line": 134,
            "column": 0
          },
          "end": {
            "line": 136,
            "column": null
          }
        }
      },
      "11": {
        "name": "(anonymous_11)",
        "decl": {
          "start": {
            "line": 137,
            "column": 0
          },
          "end": {
            "line": 137,
            "column": null
          }
        },
        "loc": {
          "start": {
            "line": 137,
            "column": 0
          },
          "end": {
            "line": 139,
            "column": null
          }
        }
      },
      "12": {
        "name": "(anonymous_12)",
        "decl": {
          "start": {
            "line": 140,
            "column": 0
          },
          "end": {
            "line": 140,
            "column": null
          }
        },
        "loc": {
          "start": {
            "line": 140,
            "column": 0
          },
          "end": {
            "line": 142,
            "column": null
          }
        }
      },
      "13": {
        "name": "(anonymous_13)",
        "decl": {
          "start": {
            "line": 144,
            "column": 0
          },
          "end": {
            "line": 144,
            "column": null
          }
        },
        "loc": {
          "start": {
            "line": 144,
            "column": 0
          },
          "end": {
            "line": 152,
            "column": null
          }
        }
      }
    },
    "branchMap": {
      "0": {
        "loc": {
          "start": {
            "line": 106,
            "column": 0
          },
          "end": {
            "line": 126,
            "column": null
          }
        },
        "type": "if",
        "locations": [
          {
            "start": {
              "line": 106,
              "column": 0
            },
            "end": {
              "line": 126,
              "column": null
            }
          },
          {
            "start": {
              "line": 106,
              "column": 0
            },
            "end": {
              "line": 126,
              "column": null
            }
          }
        ]
      },
      "1": {
        "loc": {
          "start": {
            "line": 130,
            "column": 0
          },
          "end": {
            "line": 130,
            "column": null
          }
        },
        "type": "cond-expr",
        "locations": [
          {
            "start": {
              "line": 130,
              "column": 0
            },
            "end": {
              "line": 130,
              "column": null
            }
          },
          {
            "start": {
              "line": 130,
              "column": 0
            },
            "end": {
              "line": 130,
              "column": null
            }
          }
        ]
      },
      "2": {
        "loc": {
          "start": {
            "line": 146,
            "column": 0
          },
          "end": {
            "line": 151,
            "column": null
          }
        },
        "type": "if",
        "locations": [
          {
            "start": {
              "line": 146,
              "column": 0
            },
            "end": {
              "line": 151,
              "column": null
            }
          },
          {
            "start": {
              "line": 146,
              "column": 0
            },
            "end": {
              "line": 151,
              "column": null
            }
          }
        ]
      }
    },
    "s": {
      "0": 4,
      "1": 0,
      "2": 0,
      "3": 0,
      "4": 0,
      "5": 0,
      "6": 0,
      "7": 0,
      "8": 0,
      "9": 0,
      "10": 0,
      "11": 0,
      "12": 0,
      "13": 0,
      "14": 0,
      "15": 158,
      "16": 158,
      "17": 3,
      "18": 1,
      "19": 2,
      "20": 3,
      "21": 4,
      "22": 4,
      "23": 1,
      "24": 3,
      "25": 3
    },
    "f": {
      "0": 4,
      "1": 0,
      "2": 0,
      "3": 0,
      "4": 0,
      "5": 0,
      "6": 0,
      "7": 0,
      "8": 158,
      "9": 3,
      "10": 1,
      "11": 2,
      "12": 3,
      "13": 4
    },
    "b": {
      "0": [
        0,
        0
      ],
      "1": [
        14,
        144
      ],
      "2": [
        1,
        3
      ]
    }
  },
  "src\\components\\SignUpForm.vue": {
    "path": "src\\components\\SignUpForm.vue",
    "statementMap": {
      "0": {
        "start": {
          "line": 182,
          "column": 0
        },
        "end": {
          "line": 203,
          "column": null
        }
      },
      "1": {
        "start": {
          "line": 241,
          "column": 0
        },
        "end": {
          "line": 241,
          "column": null
        }
      },
      "2": {
        "start": {
          "line": 242,
          "column": 0
        },
        "end": {
          "line": 262,
          "column": null
        }
      },
      "3": {
        "start": {
          "line": 243,
          "column": 0
        },
        "end": {
          "line": 245,
          "column": null
        }
      },
      "4": {
        "start": {
          "line": 244,
          "column": 0
        },
        "end": {
          "line": 244,
          "column": null
        }
      },
      "5": {
        "start": {
          "line": 246,
          "column": 0
        },
        "end": {
          "line": 248,
          "column": null
        }
      },
      "6": {
        "start": {
          "line": 248,
          "column": 0
        },
        "end": {
          "line": 248,
          "column": null
        }
      },
      "7": {
        "start": {
          "line": 249,
          "column": 0
        },
        "end": {
          "line": 251,
          "column": null
        }
      },
      "8": {
        "start": {
          "line": 251,
          "column": 0
        },
        "end": {
          "line": 251,
          "column": null
        }
      },
      "9": {
        "start": {
          "line": 253,
          "column": 0
        },
        "end": {
          "line": 255,
          "column": null
        }
      },
      "10": {
        "start": {
          "line": 254,
          "column": 0
        },
        "end": {
          "line": 254,
          "column": null
        }
      },
      "11": {
        "start": {
          "line": 256,
          "column": 0
        },
        "end": {
          "line": 258,
          "column": null
        }
      },
      "12": {
        "start": {
          "line": 258,
          "column": 0
        },
        "end": {
          "line": 258,
          "column": null
        }
      },
      "13": {
        "start": {
          "line": 259,
          "column": 0
        },
        "end": {
          "line": 261,
          "column": null
        }
      },
      "14": {
        "start": {
          "line": 261,
          "column": 0
        },
        "end": {
          "line": 261,
          "column": null
        }
      },
      "15": {
        "start": {
          "line": 265,
          "column": 0
        },
        "end": {
          "line": 265,
          "column": null
        }
      },
      "16": {
        "start": {
          "line": 266,
          "column": 0
        },
        "end": {
          "line": 266,
          "column": null
        }
      },
      "17": {
        "start": {
          "line": 267,
          "column": 0
        },
        "end": {
          "line": 267,
          "column": null
        }
      },
      "18": {
        "start": {
          "line": 268,
          "column": 0
        },
        "end": {
          "line": 268,
          "column": null
        }
      },
      "19": {
        "start": {
          "line": 269,
          "column": 0
        },
        "end": {
          "line": 269,
          "column": null
        }
      },
      "20": {
        "start": {
          "line": 270,
          "column": 0
        },
        "end": {
          "line": 270,
          "column": null
        }
      },
      "21": {
        "start": {
          "line": 271,
          "column": 0
        },
        "end": {
          "line": 271,
          "column": null
        }
      },
      "22": {
        "start": {
          "line": 274,
          "column": 0
        },
        "end": {
          "line": 274,
          "column": null
        }
      },
      "23": {
        "start": {
          "line": 275,
          "column": 0
        },
        "end": {
          "line": 275,
          "column": null
        }
      },
      "24": {
        "start": {
          "line": 276,
          "column": 0
        },
        "end": {
          "line": 276,
          "column": null
        }
      },
      "25": {
        "start": {
          "line": 277,
          "column": 0
        },
        "end": {
          "line": 277,
          "column": null
        }
      },
      "26": {
        "start": {
          "line": 278,
          "column": 0
        },
        "end": {
          "line": 278,
          "column": null
        }
      },
      "27": {
        "start": {
          "line": 279,
          "column": 0
        },
        "end": {
          "line": 279,
          "column": null
        }
      },
      "28": {
        "start": {
          "line": 280,
          "column": 0
        },
        "end": {
          "line": 280,
          "column": null
        }
      },
      "29": {
        "start": {
          "line": 283,
          "column": 0
        },
        "end": {
          "line": 283,
          "column": null
        }
      },
      "30": {
        "start": {
          "line": 286,
          "column": 0
        },
        "end": {
          "line": 286,
          "column": null
        }
      },
      "31": {
        "start": {
          "line": 287,
          "column": 0
        },
        "end": {
          "line": 287,
          "column": null
        }
      },
      "32": {
        "start": {
          "line": 290,
          "column": 0
        },
        "end": {
          "line": 290,
          "column": null
        }
      },
      "33": {
        "start": {
          "line": 291,
          "column": 0
        },
        "end": {
          "line": 296,
          "column": null
        }
      },
      "34": {
        "start": {
          "line": 292,
          "column": 0
        },
        "end": {
          "line": 292,
          "column": null
        }
      },
      "35": {
        "start": {
          "line": 294,
          "column": 0
        },
        "end": {
          "line": 294,
          "column": null
        }
      },
      "36": {
        "start": {
          "line": 295,
          "column": 0
        },
        "end": {
          "line": 295,
          "column": null
        }
      },
      "37": {
        "start": {
          "line": 299,
          "column": 0
        },
        "end": {
          "line": 319,
          "column": null
        }
      },
      "38": {
        "start": {
          "line": 301,
          "column": 0
        },
        "end": {
          "line": 301,
          "column": null
        }
      },
      "39": {
        "start": {
          "line": 302,
          "column": 0
        },
        "end": {
          "line": 302,
          "column": null
        }
      },
      "40": {
        "start": {
          "line": 305,
          "column": 0
        },
        "end": {
          "line": 315,
          "column": null
        }
      },
      "41": {
        "start": {
          "line": 306,
          "column": 0
        },
        "end": {
          "line": 309,
          "column": null
        }
      },
      "42": {
        "start": {
          "line": 311,
          "column": 0
        },
        "end": {
          "line": 314,
          "column": null
        }
      },
      "43": {
        "start": {
          "line": 318,
          "column": 0
        },
        "end": {
          "line": 318,
          "column": null
        }
      },
      "44": {
        "start": {
          "line": 322,
          "column": 0
        },
        "end": {
          "line": 322,
          "column": null
        }
      }
    },
    "fnMap": {
      "0": {
        "name": "(anonymous_0)",
        "decl": {
          "start": {
            "line": 181,
            "column": 0
          },
          "end": {
            "line": 181,
            "column": null
          }
        },
        "loc": {
          "start": {
            "line": 181,
            "column": 0
          },
          "end": {
            "line": 204,
            "column": null
          }
        }
      },
      "1": {
        "name": "(anonymous_1)",
        "decl": {
          "start": {
            "line": 240,
            "column": 0
          },
          "end": {
            "line": 240,
            "column": null
          }
        },
        "loc": {
          "start": {
            "line": 240,
            "column": 0
          },
          "end": {
            "line": 263,
            "column": null
          }
        }
      },
      "2": {
        "name": "(anonymous_2)",
        "decl": {
          "start": {
            "line": 243,
            "column": 0
          },
          "end": {
            "line": 243,
            "column": null
          }
        },
        "loc": {
          "start": {
            "line": 243,
            "column": 0
          },
          "end": {
            "line": 245,
            "column": null
          }
        }
      },
      "3": {
        "name": "(anonymous_3)",
        "decl": {
          "start": {
            "line": 248,
            "column": 0
          },
          "end": {
            "line": 248,
            "column": null
          }
        },
        "loc": {
          "start": {
            "line": 248,
            "column": 0
          },
          "end": {
            "line": 248,
            "column": null
          }
        }
      },
      "4": {
        "name": "(anonymous_4)",
        "decl": {
          "start": {
            "line": 251,
            "column": 0
          },
          "end": {
            "line": 251,
            "column": null
          }
        },
        "loc": {
          "start": {
            "line": 251,
            "column": 0
          },
          "end": {
            "line": 251,
            "column": null
          }
        }
      },
      "5": {
        "name": "(anonymous_5)",
        "decl": {
          "start": {
            "line": 253,
            "column": 0
          },
          "end": {
            "line": 253,
            "column": null
          }
        },
        "loc": {
          "start": {
            "line": 253,
            "column": 0
          },
          "end": {
            "line": 255,
            "column": null
          }
        }
      },
      "6": {
        "name": "(anonymous_6)",
        "decl": {
          "start": {
            "line": 258,
            "column": 0
          },
          "end": {
            "line": 258,
            "column": null
          }
        },
        "loc": {
          "start": {
            "line": 258,
            "column": 0
          },
          "end": {
            "line": 258,
            "column": null
          }
        }
      },
      "7": {
        "name": "(anonymous_7)",
        "decl": {
          "start": {
            "line": 261,
            "column": 0
          },
          "end": {
            "line": 261,
            "column": null
          }
        },
        "loc": {
          "start": {
            "line": 261,
            "column": 0
          },
          "end": {
            "line": 261,
            "column": null
          }
        }
      },
      "8": {
        "name": "(anonymous_8)",
        "decl": {
          "start": {
            "line": 264,
            "column": 0
          },
          "end": {
            "line": 264,
            "column": null
          }
        },
        "loc": {
          "start": {
            "line": 264,
            "column": 0
          },
          "end": {
            "line": 272,
            "column": null
          }
        }
      },
      "9": {
        "name": "(anonymous_9)",
        "decl": {
          "start": {
            "line": 273,
            "column": 0
          },
          "end": {
            "line": 273,
            "column": null
          }
        },
        "loc": {
          "start": {
            "line": 273,
            "column": 0
          },
          "end": {
            "line": 281,
            "column": null
          }
        }
      },
      "10": {
        "name": "(anonymous_10)",
        "decl": {
          "start": {
            "line": 282,
            "column": 0
          },
          "end": {
            "line": 282,
            "column": null
          }
        },
        "loc": {
          "start": {
            "line": 282,
            "column": 0
          },
          "end": {
            "line": 284,
            "column": null
          }
        }
      },
      "11": {
        "name": "(anonymous_11)",
        "decl": {
          "start": {
            "line": 285,
            "column": 0
          },
          "end": {
            "line": 285,
            "column": null
          }
        },
        "loc": {
          "start": {
            "line": 285,
            "column": 0
          },
          "end": {
            "line": 288,
            "column": null
          }
        }
      },
      "12": {
        "name": "(anonymous_12)",
        "decl": {
          "start": {
            "line": 289,
            "column": 0
          },
          "end": {
            "line": 289,
            "column": null
          }
        },
        "loc": {
          "start": {
            "line": 289,
            "column": 0
          },
          "end": {
            "line": 297,
            "column": null
          }
        }
      },
      "13": {
        "name": "(anonymous_13)",
        "decl": {
          "start": {
            "line": 298,
            "column": 0
          },
          "end": {
            "line": 298,
            "column": null
          }
        },
        "loc": {
          "start": {
            "line": 298,
            "column": 0
          },
          "end": {
            "line": 320,
            "column": null
          }
        }
      },
      "14": {
        "name": "(anonymous_14)",
        "decl": {
          "start": {
            "line": 300,
            "column": 0
          },
          "end": {
            "line": 300,
            "column": null
          }
        },
        "loc": {
          "start": {
            "line": 300,
            "column": 0
          },
          "end": {
            "line": 303,
            "column": null
          }
        }
      },
      "15": {
        "name": "(anonymous_15)",
        "decl": {
          "start": {
            "line": 304,
            "column": 0
          },
          "end": {
            "line": 304,
            "column": null
          }
        },
        "loc": {
          "start": {
            "line": 304,
            "column": 0
          },
          "end": {
            "line": 316,
            "column": null
          }
        }
      },
      "16": {
        "name": "(anonymous_16)",
        "decl": {
          "start": {
            "line": 317,
            "column": 0
          },
          "end": {
            "line": 317,
            "column": null
          }
        },
        "loc": {
          "start": {
            "line": 317,
            "column": 0
          },
          "end": {
            "line": 319,
            "column": null
          }
        }
      },
      "17": {
        "name": "(anonymous_17)",
        "decl": {
          "start": {
            "line": 321,
            "column": 0
          },
          "end": {
            "line": 321,
            "column": null
          }
        },
        "loc": {
          "start": {
            "line": 321,
            "column": 0
          },
          "end": {
            "line": 323,
            "column": null
          }
        }
      }
    },
    "branchMap": {
      "0": {
        "loc": {
          "start": {
            "line": 242,
            "column": 0
          },
          "end": {
            "line": 262,
            "column": null
          }
        },
        "type": "if",
        "locations": [
          {
            "start": {
              "line": 242,
              "column": 0
            },
            "end": {
              "line": 262,
              "column": null
            }
          },
          {
            "start": {
              "line": 242,
              "column": 0
            },
            "end": {
              "line": 262,
              "column": null
            }
          }
        ]
      },
      "1": {
        "loc": {
          "start": {
            "line": 287,
            "column": 0
          },
          "end": {
            "line": 287,
            "column": null
          }
        },
        "type": "cond-expr",
        "locations": [
          {
            "start": {
              "line": 287,
              "column": 0
            },
            "end": {
              "line": 287,
              "column": null
            }
          },
          {
            "start": {
              "line": 287,
              "column": 0
            },
            "end": {
              "line": 287,
              "column": null
            }
          }
        ]
      },
      "2": {
        "loc": {
          "start": {
            "line": 291,
            "column": 0
          },
          "end": {
            "line": 296,
            "column": null
          }
        },
        "type": "if",
        "locations": [
          {
            "start": {
              "line": 291,
              "column": 0
            },
            "end": {
              "line": 296,
              "column": null
            }
          },
          {
            "start": {
              "line": 291,
              "column": 0
            },
            "end": {
              "line": 296,
              "column": null
            }
          }
        ]
      },
      "3": {
        "loc": {
          "start": {
            "line": 305,
            "column": 0
          },
          "end": {
            "line": 315,
            "column": null
          }
        },
        "type": "if",
        "locations": [
          {
            "start": {
              "line": 305,
              "column": 0
            },
            "end": {
              "line": 315,
              "column": null
            }
          },
          {
            "start": {
              "line": 305,
              "column": 0
            },
            "end": {
              "line": 315,
              "column": null
            }
          }
        ]
      }
    },
    "s": {
      "0": 0,
      "1": 0,
      "2": 0,
      "3": 0,
      "4": 0,
      "5": 0,
      "6": 0,
      "7": 0,
      "8": 0,
      "9": 0,
      "10": 0,
      "11": 0,
      "12": 0,
      "13": 0,
      "14": 0,
      "15": 0,
      "16": 0,
      "17": 0,
      "18": 0,
      "19": 0,
      "20": 0,
      "21": 0,
      "22": 0,
      "23": 0,
      "24": 0,
      "25": 0,
      "26": 0,
      "27": 0,
      "28": 0,
      "29": 0,
      "30": 0,
      "31": 0,
      "32": 0,
      "33": 0,
      "34": 0,
      "35": 0,
      "36": 0,
      "37": 0,
      "38": 0,
      "39": 0,
      "40": 0,
      "41": 0,
      "42": 0,
      "43": 0,
      "44": 0
    },
    "f": {
      "0": 0,
      "1": 0,
      "2": 0,
      "3": 0,
      "4": 0,
      "5": 0,
      "6": 0,
      "7": 0,
      "8": 0,
      "9": 0,
      "10": 0,
      "11": 0,
      "12": 0,
      "13": 0,
      "14": 0,
      "15": 0,
      "16": 0,
      "17": 0
    },
    "b": {
      "0": [
        0,
        0
      ],
      "1": [
        0,
        0
      ],
      "2": [
        0,
        0
      ],
      "3": [
        0,
        0
      ]
    }
  },
  "src\\router\\index.ts": {
    "path": "src\\router\\index.ts",
    "statementMap": {
      "0": {
        "start": {
          "line": 20,
          "column": 0
        },
        "end": {
          "line": 20,
          "column": 19
        }
      },
      "1": {
        "start": {
          "line": 22,
          "column": 15
        },
        "end": {
          "line": 102,
          "column": 2
        }
      },
      "2": {
        "start": {
          "line": 104,
          "column": 15
        },
        "end": {
          "line": 108,
          "column": 2
        }
      }
    },
    "fnMap": {},
    "branchMap": {},
    "s": {
      "0": 16,
      "1": 16,
      "2": 16
    },
    "f": {},
    "b": {}
  },
  "src\\store\\index.ts": {
    "path": "src\\store\\index.ts",
    "statementMap": {
      "0": {
        "start": {
          "line": 12,
          "column": 0
        },
        "end": {
          "line": 12,
          "column": 14
        }
      },
      "1": {
        "start": {
          "line": 14,
          "column": 13
        },
        "end": {
          "line": 27,
          "column": null
        }
      },
      "2": {
        "start": {
          "line": 43,
          "column": 6
        },
        "end": {
          "line": 43,
          "column": 39
        }
      },
      "3": {
        "start": {
          "line": 46,
          "column": 6
        },
        "end": {
          "line": 46,
          "column": 39
        }
      },
      "4": {
        "start": {
          "line": 49,
          "column": 6
        },
        "end": {
          "line": 51,
          "column": null
        }
      },
      "5": {
        "start": {
          "line": 50,
          "column": 8
        },
        "end": {
          "line": 50,
          "column": null
        }
      },
      "6": {
        "start": {
          "line": 52,
          "column": 6
        },
        "end": {
          "line": 52,
          "column": null
        }
      },
      "7": {
        "start": {
          "line": 55,
          "column": 6
        },
        "end": {
          "line": 55,
          "column": null
        }
      },
      "8": {
        "start": {
          "line": 58,
          "column": 6
        },
        "end": {
          "line": 58,
          "column": null
        }
      },
      "9": {
        "start": {
          "line": 61,
          "column": 6
        },
        "end": {
          "line": 61,
          "column": null
        }
      },
      "10": {
        "start": {
          "line": 64,
          "column": 6
        },
        "end": {
          "line": 64,
          "column": null
        }
      },
      "11": {
        "start": {
          "line": 67,
          "column": 6
        },
        "end": {
          "line": 67,
          "column": null
        }
      },
      "12": {
        "start": {
          "line": 70,
          "column": 6
        },
        "end": {
          "line": 70,
          "column": null
        }
      },
      "13": {
        "start": {
          "line": 73,
          "column": 6
        },
        "end": {
          "line": 73,
          "column": null
        }
      },
      "14": {
        "start": {
          "line": 76,
          "column": 6
        },
        "end": {
          "line": 76,
          "column": null
        }
      },
      "15": {
        "start": {
          "line": 79,
          "column": 6
        },
        "end": {
          "line": 79,
          "column": null
        }
      },
      "16": {
        "start": {
          "line": 82,
          "column": 6
        },
        "end": {
          "line": 82,
          "column": null
        }
      },
      "17": {
        "start": {
          "line": 85,
          "column": 6
        },
        "end": {
          "line": 85,
          "column": null
        }
      },
      "18": {
        "start": {
          "line": 88,
          "column": 6
        },
        "end": {
          "line": 88,
          "column": null
        }
      },
      "19": {
        "start": {
          "line": 91,
          "column": 6
        },
        "end": {
          "line": 93,
          "column": null
        }
      },
      "20": {
        "start": {
          "line": 92,
          "column": 8
        },
        "end": {
          "line": 92,
          "column": null
        }
      },
      "21": {
        "start": {
          "line": 94,
          "column": 6
        },
        "end": {
          "line": 94,
          "column": 19
        }
      },
      "22": {
        "start": {
          "line": 97,
          "column": 6
        },
        "end": {
          "line": 99,
          "column": null
        }
      },
      "23": {
        "start": {
          "line": 98,
          "column": 8
        },
        "end": {
          "line": 98,
          "column": null
        }
      },
      "24": {
        "start": {
          "line": 100,
          "column": 6
        },
        "end": {
          "line": 100,
          "column": 19
        }
      },
      "25": {
        "start": {
          "line": 103,
          "column": 6
        },
        "end": {
          "line": 105,
          "column": null
        }
      },
      "26": {
        "start": {
          "line": 104,
          "column": 8
        },
        "end": {
          "line": 104,
          "column": null
        }
      },
      "27": {
        "start": {
          "line": 106,
          "column": 6
        },
        "end": {
          "line": 106,
          "column": 19
        }
      },
      "28": {
        "start": {
          "line": 109,
          "column": 6
        },
        "end": {
          "line": 111,
          "column": null
        }
      },
      "29": {
        "start": {
          "line": 110,
          "column": 8
        },
        "end": {
          "line": 110,
          "column": null
        }
      },
      "30": {
        "start": {
          "line": 112,
          "column": 6
        },
        "end": {
          "line": 112,
          "column": 19
        }
      },
      "31": {
        "start": {
          "line": 115,
          "column": 6
        },
        "end": {
          "line": 117,
          "column": null
        }
      },
      "32": {
        "start": {
          "line": 116,
          "column": 8
        },
        "end": {
          "line": 116,
          "column": null
        }
      },
      "33": {
        "start": {
          "line": 118,
          "column": 6
        },
        "end": {
          "line": 118,
          "column": 19
        }
      },
      "34": {
        "start": {
          "line": 123,
          "column": 6
        },
        "end": {
          "line": 123,
          "column": null
        }
      },
      "35": {
        "start": {
          "line": 126,
          "column": 6
        },
        "end": {
          "line": 126,
          "column": null
        }
      },
      "36": {
        "start": {
          "line": 129,
          "column": 6
        },
        "end": {
          "line": 129,
          "column": null
        }
      },
      "37": {
        "start": {
          "line": 130,
          "column": 6
        },
        "end": {
          "line": 130,
          "column": null
        }
      },
      "38": {
        "start": {
          "line": 133,
          "column": 6
        },
        "end": {
          "line": 133,
          "column": null
        }
      },
      "39": {
        "start": {
          "line": 136,
          "column": 6
        },
        "end": {
          "line": 136,
          "column": null
        }
      },
      "40": {
        "start": {
          "line": 137,
          "column": 6
        },
        "end": {
          "line": 137,
          "column": null
        }
      },
      "41": {
        "start": {
          "line": 138,
          "column": 6
        },
        "end": {
          "line": 138,
          "column": null
        }
      },
      "42": {
        "start": {
          "line": 139,
          "column": 6
        },
        "end": {
          "line": 140,
          "column": null
        }
      },
      "43": {
        "start": {
          "line": 141,
          "column": 6
        },
        "end": {
          "line": 141,
          "column": null
        }
      },
      "44": {
        "start": {
          "line": 144,
          "column": 6
        },
        "end": {
          "line": 144,
          "column": null
        }
      },
      "45": {
        "start": {
          "line": 147,
          "column": 6
        },
        "end": {
          "line": 147,
          "column": null
        }
      },
      "46": {
        "start": {
          "line": 150,
          "column": 6
        },
        "end": {
          "line": 150,
          "column": null
        }
      },
      "47": {
        "start": {
          "line": 153,
          "column": 6
        },
        "end": {
          "line": 153,
          "column": null
        }
      },
      "48": {
        "start": {
          "line": 158,
          "column": 6
        },
        "end": {
          "line": 158,
          "column": null
        }
      },
      "49": {
        "start": {
          "line": 159,
          "column": 6
        },
        "end": {
          "line": 159,
          "column": null
        }
      },
      "50": {
        "start": {
          "line": 159,
          "column": 23
        },
        "end": {
          "line": 159,
          "column": 51
        }
      },
      "51": {
        "start": {
          "line": 162,
          "column": 6
        },
        "end": {
          "line": 162,
          "column": null
        }
      }
    },
    "fnMap": {
      "0": {
        "name": "(anonymous_0)",
        "decl": {
          "start": {
            "line": 42,
            "column": 21
          },
          "end": {
            "line": 42,
            "column": 22
          }
        },
        "loc": {
          "start": {
            "line": 42,
            "column": 36
          },
          "end": {
            "line": 44,
            "column": 5
          }
        }
      },
      "1": {
        "name": "(anonymous_1)",
        "decl": {
          "start": {
            "line": 45,
            "column": 20
          },
          "end": {
            "line": 45,
            "column": 21
          }
        },
        "loc": {
          "start": {
            "line": 45,
            "column": 35
          },
          "end": {
            "line": 47,
            "column": 5
          }
        }
      },
      "2": {
        "name": "(anonymous_2)",
        "decl": {
          "start": {
            "line": 48,
            "column": 20
          },
          "end": {
            "line": 48,
            "column": 21
          }
        },
        "loc": {
          "start": {
            "line": 48,
            "column": 35
          },
          "end": {
            "line": 53,
            "column": 5
          }
        }
      },
      "3": {
        "name": "(anonymous_3)",
        "decl": {
          "start": {
            "line": 54,
            "column": 17
          },
          "end": {
            "line": 54,
            "column": 18
          }
        },
        "loc": {
          "start": {
            "line": 54,
            "column": 32
          },
          "end": {
            "line": 56,
            "column": 5
          }
        }
      },
      "4": {
        "name": "(anonymous_4)",
        "decl": {
          "start": {
            "line": 57,
            "column": 18
          },
          "end": {
            "line": 57,
            "column": 19
          }
        },
        "loc": {
          "start": {
            "line": 57,
            "column": 33
          },
          "end": {
            "line": 59,
            "column": 5
          }
        }
      },
      "5": {
        "name": "(anonymous_5)",
        "decl": {
          "start": {
            "line": 60,
            "column": 17
          },
          "end": {
            "line": 60,
            "column": 18
          }
        },
        "loc": {
          "start": {
            "line": 60,
            "column": 32
          },
          "end": {
            "line": 62,
            "column": 5
          }
        }
      },
      "6": {
        "name": "(anonymous_6)",
        "decl": {
          "start": {
            "line": 63,
            "column": 17
          },
          "end": {
            "line": 63,
            "column": 18
          }
        },
        "loc": {
          "start": {
            "line": 63,
            "column": 32
          },
          "end": {
            "line": 65,
            "column": 5
          }
        }
      },
      "7": {
        "name": "(anonymous_7)",
        "decl": {
          "start": {
            "line": 66,
            "column": 15
          },
          "end": {
            "line": 66,
            "column": 16
          }
        },
        "loc": {
          "start": {
            "line": 66,
            "column": 30
          },
          "end": {
            "line": 68,
            "column": 5
          }
        }
      },
      "8": {
        "name": "(anonymous_8)",
        "decl": {
          "start": {
            "line": 69,
            "column": 17
          },
          "end": {
            "line": 69,
            "column": 18
          }
        },
        "loc": {
          "start": {
            "line": 69,
            "column": 32
          },
          "end": {
            "line": 71,
            "column": 5
          }
        }
      },
      "9": {
        "name": "(anonymous_9)",
        "decl": {
          "start": {
            "line": 72,
            "column": 25
          },
          "end": {
            "line": 72,
            "column": 26
          }
        },
        "loc": {
          "start": {
            "line": 72,
            "column": 40
          },
          "end": {
            "line": 74,
            "column": 5
          }
        }
      },
      "10": {
        "name": "(anonymous_10)",
        "decl": {
          "start": {
            "line": 75,
            "column": 17
          },
          "end": {
            "line": 75,
            "column": 18
          }
        },
        "loc": {
          "start": {
            "line": 75,
            "column": 32
          },
          "end": {
            "line": 77,
            "column": 5
          }
        }
      },
      "11": {
        "name": "(anonymous_11)",
        "decl": {
          "start": {
            "line": 78,
            "column": 17
          },
          "end": {
            "line": 78,
            "column": 18
          }
        },
        "loc": {
          "start": {
            "line": 78,
            "column": 32
          },
          "end": {
            "line": 80,
            "column": 5
          }
        }
      },
      "12": {
        "name": "(anonymous_12)",
        "decl": {
          "start": {
            "line": 81,
            "column": 20
          },
          "end": {
            "line": 81,
            "column": 21
          }
        },
        "loc": {
          "start": {
            "line": 81,
            "column": 35
          },
          "end": {
            "line": 83,
            "column": 5
          }
        }
      },
      "13": {
        "name": "(anonymous_13)",
        "decl": {
          "start": {
            "line": 84,
            "column": 18
          },
          "end": {
            "line": 84,
            "column": 19
          }
        },
        "loc": {
          "start": {
            "line": 84,
            "column": 33
          },
          "end": {
            "line": 86,
            "column": 5
          }
        }
      },
      "14": {
        "name": "(anonymous_14)",
        "decl": {
          "start": {
            "line": 87,
            "column": 23
          },
          "end": {
            "line": 87,
            "column": 24
          }
        },
        "loc": {
          "start": {
            "line": 87,
            "column": 38
          },
          "end": {
            "line": 89,
            "column": 5
          }
        }
      },
      "15": {
        "name": "(anonymous_15)",
        "decl": {
          "start": {
            "line": 90,
            "column": 33
          },
          "end": {
            "line": 90,
            "column": 34
          }
        },
        "loc": {
          "start": {
            "line": 90,
            "column": 48
          },
          "end": {
            "line": 95,
            "column": 5
          }
        }
      },
      "16": {
        "name": "(anonymous_16)",
        "decl": {
          "start": {
            "line": 96,
            "column": 41
          },
          "end": {
            "line": 96,
            "column": 42
          }
        },
        "loc": {
          "start": {
            "line": 96,
            "column": 56
          },
          "end": {
            "line": 101,
            "column": 5
          }
        }
      },
      "17": {
        "name": "(anonymous_17)",
        "decl": {
          "start": {
            "line": 102,
            "column": 29
          },
          "end": {
            "line": 102,
            "column": 30
          }
        },
        "loc": {
          "start": {
            "line": 102,
            "column": 44
          },
          "end": {
            "line": 107,
            "column": 5
          }
        }
      },
      "18": {
        "name": "(anonymous_18)",
        "decl": {
          "start": {
            "line": 108,
            "column": 28
          },
          "end": {
            "line": 108,
            "column": 29
          }
        },
        "loc": {
          "start": {
            "line": 108,
            "column": 43
          },
          "end": {
            "line": 113,
            "column": 5
          }
        }
      },
      "19": {
        "name": "(anonymous_19)",
        "decl": {
          "start": {
            "line": 114,
            "column": 26
          },
          "end": {
            "line": 114,
            "column": 27
          }
        },
        "loc": {
          "start": {
            "line": 114,
            "column": 41
          },
          "end": {
            "line": 119,
            "column": 5
          }
        }
      },
      "20": {
        "name": "(anonymous_20)",
        "decl": {
          "start": {
            "line": 122,
            "column": 21
          },
          "end": {
            "line": 122,
            "column": 22
          }
        },
        "loc": {
          "start": {
            "line": 122,
            "column": 50
          },
          "end": {
            "line": 124,
            "column": 5
          }
        }
      },
      "21": {
        "name": "(anonymous_21)",
        "decl": {
          "start": {
            "line": 125,
            "column": 20
          },
          "end": {
            "line": 125,
            "column": 21
          }
        },
        "loc": {
          "start": {
            "line": 125,
            "column": 49
          },
          "end": {
            "line": 127,
            "column": 5
          }
        }
      },
      "22": {
        "name": "(anonymous_22)",
        "decl": {
          "start": {
            "line": 128,
            "column": 17
          },
          "end": {
            "line": 128,
            "column": 18
          }
        },
        "loc": {
          "start": {
            "line": 128,
            "column": 32
          },
          "end": {
            "line": 131,
            "column": 5
          }
        }
      },
      "23": {
        "name": "(anonymous_23)",
        "decl": {
          "start": {
            "line": 132,
            "column": 23
          },
          "end": {
            "line": 132,
            "column": 24
          }
        },
        "loc": {
          "start": {
            "line": 132,
            "column": 38
          },
          "end": {
            "line": 134,
            "column": 5
          }
        }
      },
      "24": {
        "name": "(anonymous_24)",
        "decl": {
          "start": {
            "line": 135,
            "column": 17
          },
          "end": {
            "line": 135,
            "column": 18
          }
        },
        "loc": {
          "start": {
            "line": 135,
            "column": 46
          },
          "end": {
            "line": 142,
            "column": 5
          }
        }
      },
      "25": {
        "name": "(anonymous_25)",
        "decl": {
          "start": {
            "line": 143,
            "column": 13
          },
          "end": {
            "line": 143,
            "column": 14
          }
        },
        "loc": {
          "start": {
            "line": 143,
            "column": 42
          },
          "end": {
            "line": 145,
            "column": 5
          }
        }
      },
      "26": {
        "name": "(anonymous_26)",
        "decl": {
          "start": {
            "line": 146,
            "column": 17
          },
          "end": {
            "line": 146,
            "column": 18
          }
        },
        "loc": {
          "start": {
            "line": 146,
            "column": 46
          },
          "end": {
            "line": 148,
            "column": 5
          }
        }
      },
      "27": {
        "name": "(anonymous_27)",
        "decl": {
          "start": {
            "line": 149,
            "column": 15
          },
          "end": {
            "line": 149,
            "column": 16
          }
        },
        "loc": {
          "start": {
            "line": 149,
            "column": 44
          },
          "end": {
            "line": 151,
            "column": 5
          }
        }
      },
      "28": {
        "name": "(anonymous_28)",
        "decl": {
          "start": {
            "line": 152,
            "column": 23
          },
          "end": {
            "line": 152,
            "column": 24
          }
        },
        "loc": {
          "start": {
            "line": 152,
            "column": 52
          },
          "end": {
            "line": 154,
            "column": 5
          }
        }
      },
      "29": {
        "name": "(anonymous_29)",
        "decl": {
          "start": {
            "line": 157,
            "column": 22
          },
          "end": {
            "line": 157,
            "column": 27
          }
        },
        "loc": {
          "start": {
            "line": 157,
            "column": 54
          },
          "end": {
            "line": 160,
            "column": 5
          }
        }
      },
      "30": {
        "name": "(anonymous_30)",
        "decl": {
          "start": {
            "line": 159,
            "column": 17
          },
          "end": {
            "line": 159,
            "column": 20
          }
        },
        "loc": {
          "start": {
            "line": 159,
            "column": 23
          },
          "end": {
            "line": 159,
            "column": 51
          }
        }
      },
      "31": {
        "name": "(anonymous_31)",
        "decl": {
          "start": {
            "line": 161,
            "column": 19
          },
          "end": {
            "line": 161,
            "column": 20
          }
        },
        "loc": {
          "start": {
            "line": 161,
            "column": 34
          },
          "end": {
            "line": 163,
            "column": 5
          }
        }
      }
    },
    "branchMap": {
      "0": {
        "loc": {
          "start": {
            "line": 49,
            "column": 6
          },
          "end": {
            "line": 51,
            "column": null
          }
        },
        "type": "if",
        "locations": [
          {
            "start": {
              "line": 49,
              "column": 6
            },
            "end": {
              "line": 51,
              "column": null
            }
          },
          {
            "start": {
              "line": 49,
              "column": 6
            },
            "end": {
              "line": 51,
              "column": null
            }
          }
        ]
      },
      "1": {
        "loc": {
          "start": {
            "line": 49,
            "column": 10
          },
          "end": {
            "line": 49,
            "column": 43
          }
        },
        "type": "binary-expr",
        "locations": [
          {
            "start": {
              "line": 49,
              "column": 10
            },
            "end": {
              "line": 49,
              "column": 43
            }
          },
          {
            "start": {
              "line": 49,
              "column": 47
            },
            "end": {
              "line": 49,
              "column": 80
            }
          }
        ]
      },
      "2": {
        "loc": {
          "start": {
            "line": 91,
            "column": 6
          },
          "end": {
            "line": 93,
            "column": null
          }
        },
        "type": "if",
        "locations": [
          {
            "start": {
              "line": 91,
              "column": 6
            },
            "end": {
              "line": 93,
              "column": null
            }
          },
          {
            "start": {
              "line": 91,
              "column": 6
            },
            "end": {
              "line": 93,
              "column": null
            }
          }
        ]
      },
      "3": {
        "loc": {
          "start": {
            "line": 97,
            "column": 6
          },
          "end": {
            "line": 99,
            "column": null
          }
        },
        "type": "if",
        "locations": [
          {
            "start": {
              "line": 97,
              "column": 6
            },
            "end": {
              "line": 99,
              "column": null
            }
          },
          {
            "start": {
              "line": 97,
              "column": 6
            },
            "end": {
              "line": 99,
              "column": null
            }
          }
        ]
      },
      "4": {
        "loc": {
          "start": {
            "line": 103,
            "column": 6
          },
          "end": {
            "line": 105,
            "column": null
          }
        },
        "type": "if",
        "locations": [
          {
            "start": {
              "line": 103,
              "column": 6
            },
            "end": {
              "line": 105,
              "column": null
            }
          },
          {
            "start": {
              "line": 103,
              "column": 6
            },
            "end": {
              "line": 105,
              "column": null
            }
          }
        ]
      },
      "5": {
        "loc": {
          "start": {
            "line": 109,
            "column": 6
          },
          "end": {
            "line": 111,
            "column": null
          }
        },
        "type": "if",
        "locations": [
          {
            "start": {
              "line": 109,
              "column": 6
            },
            "end": {
              "line": 111,
              "column": null
            }
          },
          {
            "start": {
              "line": 109,
              "column": 6
            },
            "end": {
              "line": 111,
              "column": null
            }
          }
        ]
      },
      "6": {
        "loc": {
          "start": {
            "line": 115,
            "column": 6
          },
          "end": {
            "line": 117,
            "column": null
          }
        },
        "type": "if",
        "locations": [
          {
            "start": {
              "line": 115,
              "column": 6
            },
            "end": {
              "line": 117,
              "column": null
            }
          },
          {
            "start": {
              "line": 115,
              "column": 6
            },
            "end": {
              "line": 117,
              "column": null
            }
          }
        ]
      }
    },
    "s": {
      "0": 16,
      "1": 16,
      "2": 4,
      "3": 4,
      "4": 16,
      "5": 4,
      "6": 12,
      "7": 0,
      "8": 0,
      "9": 0,
      "10": 4,
      "11": 0,
      "12": 8,
      "13": 0,
      "14": 0,
      "15": 0,
      "16": 0,
      "17": 0,
      "18": 0,
      "19": 28,
      "20": 0,
      "21": 28,
      "22": 0,
      "23": 0,
      "24": 0,
      "25": 0,
      "26": 0,
      "27": 0,
      "28": 0,
      "29": 0,
      "30": 0,
      "31": 0,
      "32": 0,
      "33": 0,
      "34": 2,
      "35": 2,
      "36": 12,
      "37": 12,
      "38": 0,
      "39": 0,
      "40": 0,
      "41": 0,
      "42": 0,
      "43": 0,
      "44": 0,
      "45": 0,
      "46": 14,
      "47": 0,
      "48": 4,
      "49": 0,
      "50": 0,
      "51": 12
    },
    "f": {
      "0": 4,
      "1": 4,
      "2": 16,
      "3": 0,
      "4": 0,
      "5": 0,
      "6": 4,
      "7": 0,
      "8": 8,
      "9": 0,
      "10": 0,
      "11": 0,
      "12": 0,
      "13": 0,
      "14": 0,
      "15": 28,
      "16": 0,
      "17": 0,
      "18": 0,
      "19": 0,
      "20": 2,
      "21": 2,
      "22": 12,
      "23": 0,
      "24": 0,
      "25": 0,
      "26": 0,
      "27": 14,
      "28": 0,
      "29": 4,
      "30": 0,
      "31": 12
    },
    "b": {
      "0": [
        4,
        12
      ],
      "1": [
        16,
        4
      ],
      "2": [
        0,
        28
      ],
      "3": [
        0,
        0
      ],
      "4": [
        0,
        0
      ],
      "5": [
        0,
        0
      ],
      "6": [
        0,
        0
      ]
    }
  },
  "src\\store\\modules\\AlertError.ts": {
    "path": "src\\store\\modules\\AlertError.ts",
    "statementMap": {
      "0": {
        "start": {
          "line": 3,
          "column": 14
        },
        "end": {
          "line": 23,
          "column": 2
        }
      },
      "1": {
        "start": {
          "line": 25,
          "column": 16
        },
        "end": {
          "line": 38,
          "column": 2
        }
      },
      "2": {
        "start": {
          "line": 27,
          "column": 8
        },
        "end": {
          "line": 27,
          "column": null
        }
      },
      "3": {
        "start": {
          "line": 30,
          "column": 8
        },
        "end": {
          "line": 30,
          "column": null
        }
      },
      "4": {
        "start": {
          "line": 33,
          "column": 8
        },
        "end": {
          "line": 33,
          "column": null
        }
      },
      "5": {
        "start": {
          "line": 36,
          "column": 8
        },
        "end": {
          "line": 36,
          "column": null
        }
      },
      "6": {
        "start": {
          "line": 40,
          "column": 18
        },
        "end": {
          "line": 50,
          "column": 2
        }
      },
      "7": {
        "start": {
          "line": 42,
          "column": 8
        },
        "end": {
          "line": 42,
          "column": null
        }
      },
      "8": {
        "start": {
          "line": 45,
          "column": 8
        },
        "end": {
          "line": 45,
          "column": null
        }
      },
      "9": {
        "start": {
          "line": 48,
          "column": 8
        },
        "end": {
          "line": 48,
          "column": null
        }
      },
      "10": {
        "start": {
          "line": 52,
          "column": 16
        },
        "end": {
          "line": 65,
          "column": 2
        }
      },
      "11": {
        "start": {
          "line": 54,
          "column": 8
        },
        "end": {
          "line": 56,
          "column": null
        }
      },
      "12": {
        "start": {
          "line": 57,
          "column": 8
        },
        "end": {
          "line": 57,
          "column": null
        }
      },
      "13": {
        "start": {
          "line": 58,
          "column": 8
        },
        "end": {
          "line": 58,
          "column": null
        }
      },
      "14": {
        "start": {
          "line": 61,
          "column": 8
        },
        "end": {
          "line": 63,
          "column": null
        }
      }
    },
    "fnMap": {
      "0": {
        "name": "(anonymous_0)",
        "decl": {
          "start": {
            "line": 26,
            "column": 23
          },
          "end": {
            "line": 26,
            "column": 24
          }
        },
        "loc": {
          "start": {
            "line": 26,
            "column": 38
          },
          "end": {
            "line": 28,
            "column": 5
          }
        }
      },
      "1": {
        "name": "(anonymous_1)",
        "decl": {
          "start": {
            "line": 29,
            "column": 24
          },
          "end": {
            "line": 29,
            "column": 25
          }
        },
        "loc": {
          "start": {
            "line": 29,
            "column": 39
          },
          "end": {
            "line": 31,
            "column": 5
          }
        }
      },
      "2": {
        "name": "(anonymous_2)",
        "decl": {
          "start": {
            "line": 32,
            "column": 26
          },
          "end": {
            "line": 32,
            "column": 27
          }
        },
        "loc": {
          "start": {
            "line": 32,
            "column": 41
          },
          "end": {
            "line": 34,
            "column": 5
          }
        }
      },
      "3": {
        "name": "(anonymous_3)",
        "decl": {
          "start": {
            "line": 35,
            "column": 32
          },
          "end": {
            "line": 35,
            "column": 33
          }
        },
        "loc": {
          "start": {
            "line": 35,
            "column": 61
          },
          "end": {
            "line": 37,
            "column": 5
          }
        }
      },
      "4": {
        "name": "(anonymous_4)",
        "decl": {
          "start": {
            "line": 41,
            "column": 23
          },
          "end": {
            "line": 41,
            "column": 24
          }
        },
        "loc": {
          "start": {
            "line": 41,
            "column": 52
          },
          "end": {
            "line": 43,
            "column": 5
          }
        }
      },
      "5": {
        "name": "(anonymous_5)",
        "decl": {
          "start": {
            "line": 44,
            "column": 24
          },
          "end": {
            "line": 44,
            "column": 25
          }
        },
        "loc": {
          "start": {
            "line": 44,
            "column": 53
          },
          "end": {
            "line": 46,
            "column": 5
          }
        }
      },
      "6": {
        "name": "(anonymous_6)",
        "decl": {
          "start": {
            "line": 47,
            "column": 26
          },
          "end": {
            "line": 47,
            "column": 27
          }
        },
        "loc": {
          "start": {
            "line": 47,
            "column": 55
          },
          "end": {
            "line": 49,
            "column": 5
          }
        }
      },
      "7": {
        "name": "(anonymous_7)",
        "decl": {
          "start": {
            "line": 53,
            "column": 20
          },
          "end": {
            "line": 53,
            "column": 21
          }
        },
        "loc": {
          "start": {
            "line": 53,
            "column": 54
          },
          "end": {
            "line": 59,
            "column": 5
          }
        }
      },
      "8": {
        "name": "(anonymous_8)",
        "decl": {
          "start": {
            "line": 60,
            "column": 20
          },
          "end": {
            "line": 60,
            "column": 21
          }
        },
        "loc": {
          "start": {
            "line": 60,
            "column": 40
          },
          "end": {
            "line": 64,
            "column": 5
          }
        }
      }
    },
    "branchMap": {},
    "s": {
      "0": 16,
      "1": 16,
      "2": 20,
      "3": 2,
      "4": 20,
      "5": 24,
      "6": 16,
      "7": 28,
      "8": 12,
      "9": 12,
      "10": 16,
      "11": 12,
      "12": 12,
      "13": 12,
      "14": 16
    },
    "f": {
      "0": 20,
      "1": 2,
      "2": 20,
      "3": 24,
      "4": 28,
      "5": 12,
      "6": 12,
      "7": 12,
      "8": 16
    },
    "b": {}
  },
  "src\\store\\modules\\DataCalonPeserta.ts": {
    "path": "src\\store\\modules\\DataCalonPeserta.ts",
    "statementMap": {
      "0": {
        "start": {
          "line": 2,
          "column": 14
        },
        "end": {
[...]
        "end": {
          "line": 126,
          "column": null
        }
      },
      "7": {
        "start": {
          "line": 128,
          "column": 0
        },
        "end": {
          "line": 128,
          "column": null
        }
      },
      "8": {
        "start": {
          "line": 133,
          "column": 0
        },
        "end": {
          "line": 133,
          "column": null
        }
      },
      "9": {
        "start": {
          "line": 136,
          "column": 0
        },
        "end": {
          "line": 136,
          "column": null
        }
      },
      "10": {
        "start": {
          "line": 139,
          "column": 0
        },
        "end": {
          "line": 139,
          "column": null
        }
      },
      "11": {
        "start": {
          "line": 142,
          "column": 0
        },
        "end": {
          "line": 146,
          "column": null
        }
      },
      "12": {
        "start": {
          "line": 143,
          "column": 0
        },
        "end": {
          "line": 143,
          "column": null
        }
      },
      "13": {
        "start": {
          "line": 145,
          "column": 0
        },
        "end": {
          "line": 145,
          "column": null
        }
      },
      "14": {
        "start": {
          "line": 149,
          "column": 0
        },
        "end": {
          "line": 169,
          "column": null
        }
      },
      "15": {
        "start": {
          "line": 154,
          "column": 0
        },
        "end": {
          "line": 154,
          "column": null
        }
      },
      "16": {
        "start": {
          "line": 155,
          "column": 0
        },
        "end": {
          "line": 168,
          "column": null
        }
      },
      "17": {
        "start": {
          "line": 156,
          "column": 0
        },
        "end": {
          "line": 156,
          "column": null
        }
      },
      "18": {
        "start": {
          "line": 157,
          "column": 0
        },
        "end": {
          "line": 157,
          "column": null
        }
      },
      "19": {
        "start": {
          "line": 158,
          "column": 0
        },
        "end": {
          "line": 168,
          "column": null
        }
      },
      "20": {
        "start": {
          "line": 159,
          "column": 0
        },
        "end": {
          "line": 159,
          "column": null
        }
      },
      "21": {
        "start": {
          "line": 160,
          "column": 0
        },
        "end": {
          "line": 160,
          "column": null
        }
      },
      "22": {
        "start": {
          "line": 161,
          "column": 0
        },
        "end": {
          "line": 168,
          "column": null
        }
      },
      "23": {
        "start": {
          "line": 162,
          "column": 0
        },
        "end": {
          "line": 162,
          "column": null
        }
      },
      "24": {
        "start": {
          "line": 163,
          "column": 0
        },
        "end": {
          "line": 163,
          "column": null
        }
      },
      "25": {
        "start": {
          "line": 164,
          "column": 0
        },
        "end": {
          "line": 168,
          "column": null
        }
      },
      "26": {
        "start": {
          "line": 165,
          "column": 0
        },
        "end": {
          "line": 165,
          "column": null
        }
      },
      "27": {
        "start": {
          "line": 166,
          "column": 0
        },
        "end": {
          "line": 166,
          "column": null
        }
      },
      "28": {
        "start": {
          "line": 167,
          "column": 0
        },
        "end": {
          "line": 167,
          "column": null
        }
      },
      "29": {
        "start": {
          "line": 172,
          "column": 0
        },
        "end": {
          "line": 172,
          "column": null
        }
      },
      "30": {
        "start": {
          "line": 173,
          "column": 0
        },
        "end": {
          "line": 173,
          "column": null
        }
      },
      "31": {
        "start": {
          "line": 174,
          "column": 0
        },
        "end": {
          "line": 174,
          "column": null
        }
      },
      "32": {
        "start": {
          "line": 175,
          "column": 0
        },
        "end": {
          "line": 175,
          "column": null
        }
      },
      "33": {
        "start": {
          "line": 176,
          "column": 0
        },
        "end": {
          "line": 176,
          "column": null
        }
      },
      "34": {
        "start": {
          "line": 177,
          "column": 0
        },
        "end": {
          "line": 177,
          "column": null
        }
      },
      "35": {
        "start": {
          "line": 180,
          "column": 0
        },
        "end": {
          "line": 187,
          "column": null
        }
      },
      "36": {
        "start": {
          "line": 186,
          "column": 0
        },
        "end": {
          "line": 186,
          "column": null
        }
      },
      "37": {
        "start": {
          "line": 199,
          "column": 0
        },
        "end": {
          "line": 199,
          "column": null
        }
      },
      "38": {
        "start": {
          "line": 200,
          "column": 0
        },
        "end": {
          "line": 200,
          "column": null
        }
      },
      "39": {
        "start": {
          "line": 201,
          "column": 0
        },
        "end": {
          "line": 201,
          "column": null
        }
      },
      "40": {
        "start": {
          "line": 202,
          "column": 0
        },
        "end": {
          "line": 202,
          "column": null
        }
      },
      "41": {
        "start": {
          "line": 203,
          "column": 0
        },
        "end": {
          "line": 203,
          "column": null
        }
      },
      "42": {
        "start": {
          "line": 204,
          "column": 0
        },
        "end": {
          "line": 204,
          "column": null
        }
      },
      "43": {
        "start": {
          "line": 205,
          "column": 0
        },
        "end": {
          "line": 205,
          "column": null
        }
      }
    },
    "fnMap": {
      "0": {
        "name": "(anonymous_0)",
        "decl": {
          "start": {
            "line": 102,
            "column": 0
          },
          "end": {
            "line": 102,
            "column": null
          }
        },
        "loc": {
          "start": {
            "line": 102,
            "column": 0
          },
          "end": {
            "line": 112,
            "column": null
          }
        }
      },
      "1": {
        "name": "(anonymous_1)",
        "decl": {
          "start": {
            "line": 120,
            "column": 0
          },
          "end": {
            "line": 120,
            "column": null
          }
        },
        "loc": {
          "start": {
            "line": 120,
            "column": 0
          },
          "end": {
            "line": 130,
            "column": null
          }
        }
      },
      "2": {
        "name": "(anonymous_2)",
        "decl": {
          "start": {
            "line": 132,
            "column": 0
          },
          "end": {
            "line": 132,
            "column": null
          }
        },
        "loc": {
          "start": {
            "line": 132,
            "column": 0
          },
          "end": {
            "line": 134,
            "column": null
          }
        }
      },
      "3": {
        "name": "(anonymous_3)",
        "decl": {
          "start": {
            "line": 135,
            "column": 0
          },
          "end": {
            "line": 135,
            "column": null
          }
        },
        "loc": {
          "start": {
            "line": 135,
            "column": 0
          },
          "end": {
            "line": 137,
            "column": null
          }
        }
      },
      "4": {
        "name": "(anonymous_4)",
        "decl": {
          "start": {
            "line": 138,
            "column": 0
          },
          "end": {
            "line": 138,
            "column": null
          }
        },
        "loc": {
          "start": {
            "line": 138,
            "column": 0
          },
          "end": {
            "line": 140,
            "column": null
          }
        }
      },
      "5": {
        "name": "(anonymous_5)",
        "decl": {
          "start": {
            "line": 141,
            "column": 0
          },
          "end": {
            "line": 141,
            "column": null
          }
        },
        "loc": {
          "start": {
            "line": 141,
            "column": 0
          },
          "end": {
            "line": 147,
            "column": null
          }
        }
      },
      "6": {
        "name": "(anonymous_6)",
        "decl": {
          "start": {
            "line": 148,
            "column": 0
          },
          "end": {
            "line": 148,
            "column": null
          }
        },
        "loc": {
          "start": {
            "line": 148,
            "column": 0
          },
          "end": {
            "line": 170,
            "column": null
          }
        }
      },
      "7": {
        "name": "(anonymous_7)",
        "decl": {
          "start": {
            "line": 153,
            "column": 0
          },
          "end": {
            "line": 153,
            "column": null
          }
        },
        "loc": {
          "start": {
            "line": 153,
            "column": 0
          },
          "end": {
            "line": 169,
            "column": null
          }
        }
      },
      "8": {
        "name": "(anonymous_8)",
        "decl": {
          "start": {
            "line": 171,
            "column": 0
          },
          "end": {
            "line": 171,
            "column": null
          }
        },
        "loc": {
          "start": {
            "line": 171,
            "column": 0
          },
          "end": {
            "line": 178,
            "column": null
          }
        }
      },
      "9": {
        "name": "(anonymous_9)",
        "decl": {
          "start": {
            "line": 179,
            "column": 0
          },
          "end": {
            "line": 179,
            "column": null
          }
        },
        "loc": {
          "start": {
            "line": 179,
            "column": 0
          },
          "end": {
            "line": 188,
            "column": null
          }
        }
      },
      "10": {
        "name": "(anonymous_10)",
        "decl": {
          "start": {
            "line": 185,
            "column": 0
          },
          "end": {
            "line": 185,
            "column": null
          }
        },
        "loc": {
          "start": {
            "line": 185,
            "column": 0
          },
          "end": {
            "line": 187,
            "column": null
          }
        }
      },
      "11": {
        "name": "(anonymous_11)",
        "decl": {
          "start": {
            "line": 198,
            "column": 0
          },
          "end": {
            "line": 198,
            "column": null
          }
        },
        "loc": {
          "start": {
            "line": 198,
            "column": 0
          },
          "end": {
            "line": 206,
            "column": null
          }
        }
      }
    },
    "branchMap": {
      "0": {
        "loc": {
          "start": {
            "line": 121,
            "column": 0
          },
          "end": {
            "line": 129,
            "column": null
          }
        },
        "type": "if",
        "locations": [
          {
            "start": {
              "line": 121,
              "column": 0
            },
            "end": {
              "line": 129,
              "column": null
            }
          },
          {
            "start": {
              "line": 121,
              "column": 0
            },
            "end": {
              "line": 129,
              "column": null
            }
          }
        ]
      },
      "1": {
        "loc": {
          "start": {
            "line": 123,
            "column": 0
          },
          "end": {
            "line": 129,
            "column": null
          }
        },
        "type": "if",
        "locations": [
          {
            "start": {
              "line": 123,
              "column": 0
            },
            "end": {
              "line": 129,
              "column": null
            }
          },
          {
            "start": {
              "line": 123,
              "column": 0
            },
            "end": {
              "line": 129,
              "column": null
            }
          }
        ]
      },
      "2": {
        "loc": {
          "start": {
            "line": 125,
            "column": 0
          },
          "end": {
            "line": 129,
            "column": null
          }
        },
        "type": "if",
        "locations": [
          {
            "start": {
              "line": 125,
              "column": 0
            },
            "end": {
              "line": 129,
              "column": null
            }
          },
          {
            "start": {
              "line": 125,
              "column": 0
            },
            "end": {
              "line": 129,
              "column": null
            }
          }
        ]
      },
      "3": {
        "loc": {
          "start": {
            "line": 142,
            "column": 0
          },
          "end": {
            "line": 146,
            "column": null
          }
        },
        "type": "if",
        "locations": [
          {
            "start": {
              "line": 142,
              "column": 0
            },
            "end": {
              "line": 146,
              "column": null
            }
          },
          {
            "start": {
              "line": 142,
              "column": 0
            },
            "end": {
              "line": 146,
              "column": null
            }
          }
        ]
      },
      "4": {
        "loc": {
          "start": {
            "line": 155,
            "column": 0
          },
          "end": {
            "line": 168,
            "column": null
          }
        },
        "type": "if",
        "locations": [
          {
            "start": {
              "line": 155,
              "column": 0
            },
            "end": {
              "line": 168,
              "column": null
            }
          },
          {
            "start": {
              "line": 155,
              "column": 0
            },
            "end": {
              "line": 168,
              "column": null
            }
          }
        ]
      },
      "5": {
        "loc": {
          "start": {
            "line": 158,
            "column": 0
          },
          "end": {
            "line": 168,
            "column": null
          }
        },
        "type": "if",
        "locations": [
          {
            "start": {
              "line": 158,
              "column": 0
            },
            "end": {
              "line": 168,
              "column": null
            }
          },
          {
            "start": {
              "line": 158,
              "column": 0
            },
            "end": {
              "line": 168,
              "column": null
            }
          }
        ]
      },
      "6": {
        "loc": {
          "start": {
            "line": 161,
            "column": 0
          },
          "end": {
            "line": 168,
            "column": null
          }
        },
        "type": "if",
        "locations": [
          {
            "start": {
              "line": 161,
              "column": 0
            },
            "end": {
              "line": 168,
              "column": null
            }
          },
          {
            "start": {
              "line": 161,
              "column": 0
            },
            "end": {
              "line": 168,
              "column": null
            }
          }
        ]
      },
      "7": {
        "loc": {
          "start": {
            "line": 164,
            "column": 0
          },
          "end": {
            "line": 168,
            "column": null
          }
        },
        "type": "if",
        "locations": [
          {
            "start": {
              "line": 164,
              "column": 0
            },
            "end": {
              "line": 168,
              "column": null
            }
          },
          {
            "start": {
              "line": 164,
              "column": 0
            },
            "end": {
              "line": 168,
              "column": null
            }
          }
        ]
      },
      "8": {
        "loc": {
          "start": {
            "line": 200,
            "column": 0
          },
          "end": {
            "line": 200,
            "column": null
          }
        },
        "type": "if",
        "locations": [
          {
            "start": {
              "line": 200,
              "column": 0
            },
            "end": {
              "line": 200,
              "column": null
            }
          },
          {
            "start": {
              "line": 200,
              "column": 0
            },
            "end": {
              "line": 200,
              "column": null
            }
          }
        ]
      },
      "9": {
        "loc": {
          "start": {
            "line": 204,
            "column": 0
          },
          "end": {
            "line": 204,
            "column": null
          }
        },
        "type": "if",
        "locations": [
          {
            "start": {
              "line": 204,
              "column": 0
            },
            "end": {
              "line": 204,
              "column": null
            }
          },
          {
            "start": {
              "line": 204,
              "column": 0
            },
            "end": {
              "line": 204,
              "column": null
            }
          }
        ]
      }
    },
    "s": {
      "0": 0,
      "1": 0,
      "2": 0,
      "3": 0,
      "4": 0,
      "5": 0,
      "6": 0,
      "7": 0,
      "8": 0,
      "9": 0,
      "10": 0,
      "11": 0,
      "12": 0,
      "13": 0,
      "14": 0,
      "15": 0,
      "16": 0,
      "17": 0,
      "18": 0,
      "19": 0,
      "20": 0,
      "21": 0,
      "22": 0,
      "23": 0,
      "24": 0,
      "25": 0,
      "26": 0,
      "27": 0,
      "28": 0,
      "29": 0,
      "30": 0,
      "31": 0,
      "32": 0,
      "33": 0,
      "34": 0,
      "35": 0,
      "36": 0,
      "37": 0,
      "38": 0,
      "39": 0,
      "40": 0,
      "41": 0,
      "42": 0,
      "43": 0
    },
    "f": {
      "0": 0,
      "1": 0,
      "2": 0,
      "3": 0,
      "4": 0,
      "5": 0,
      "6": 0,
      "7": 0,
      "8": 0,
      "9": 0,
      "10": 0,
      "11": 0
    },
    "b": {
      "0": [
        0,
        0
      ],
      "1": [
        0,
        0
      ],
      "2": [
        0,
        0
      ],
      "3": [
        0,
        0
      ],
      "4": [
        0,
        0
      ],
      "5": [
        0,
        0
      ],
      "6": [
        0,
        0
      ],
      "7": [
        0,
        0
      ],
      "8": [
        0,
        0
      ],
      "9": [
        0,
        0
      ]
    }
  }
}